  9 12.00  84 42.00    0.00  0
  36                        computed  01-Apr-04 03:57:21
  BANE 9N55.75  84W57.38   49-0.05 0.33  0  28.141  80.648
  BONG 9N45.21  85W12.47   26-0.13 0.45  0  55.766  61.219
  COND10N34.79  85W40.42   47-0.03 0.20  0 106.790 152.614
  CORO 9N58.37  85W10.27   50-0.08 0.31  0  51.723  85.478
  COYO10N21.68  85W38.96   67 0.02 0.36  0 104.155 128.447
  GRAN10N20.42  85W50.75   28 0.10 0.19  0 125.718 126.125
  GUAI10N16.21  85W30.63   49 0.02 0.38  0  88.935 118.364
  GUIO 9N55.37  85W39.50   28-0.18 0.47  0 105.210  79.948
  HATA10N26.06  85W17.09   44 0.15 0.25  0  64.157 136.521
  HOJA10N 2.99  85W25.38  356-0.07 0.32  0  79.359  93.994
  INDI 9N51.88  85W30.13   80-0.11 0.42  0  88.073  73.514
  JTSS10N17.45  84W57.15  340-0.22-0.15  0  27.705 120.650
  JUDI10N 9.95  85W32.32  707-0.01 0.28  0  92.040 106.824
  MARB10N 3.78  85W45.26   48-0.09 0.37  0 115.725  95.451
  NB01 9N30.02  86W11.99-3699 0.00 0.00  0 164.759  33.218
  NB03 9N41.96  86W 9.56-3762-0.14 1.07  0 160.264  55.228
  NB04 9N42.01  86W17.90-4135 0.00 0.00  0 175.528  55.320
  NB05 9N52.52  86W11.99-3103-0.01-0.07  0 164.670  74.694
  NB06 9N47.02  86W 1.50-2375-0.05-0.14  0 145.494  64.555
  NB07 9N41.02  85W56.54-2299-0.01 0.07  0 136.436  53.495
  NB08 9N43.19  85W45.69-1276 0.39 0.51  0 116.570  57.495
  NB09 9N50.42  85W54.00-1465 0.40 0.00  0 131.757  70.823
  NB10 9N57.00  85W59.98-1305 0.35-0.21  0 142.677  82.952
  NB1110N 3.02  85W54.02 -420 0.45 0.15  0 131.753  94.050
  NB12 9N55.22  85W48.01 -229 0.46 0.00  0 120.781  79.671
  NB13 9N49.80  85W40.81 -102 0.38 0.02  0 107.622  69.680
  NB14 9N45.01  85W32.99 -108 0.27 0.00  0  93.322  60.850
  PAPA10N35.41  85W40.56   38 0.01 0.17  0 107.044 153.757
  PARG10N11.90  85W49.38   20-0.09 0.36  0 123.238 110.419
  PNCB 9N35.37  85W 5.50   18 0.01 0.42  0  43.020  43.080
  PNUE 9N50.47  85W20.11   21-0.16 0.41  0  69.739  70.915
  SAJE10N36.52  85W27.00   20 0.11 0.28  0  82.255 155.803
  SARO10N50.34  85W36.56   30 0.15 0.11  0  99.695 181.279
  TFER10N12.49  85W16.24   69-0.06 0.34  0  62.625 111.507
  VAIN 9N46.61  85W 0.61   60-0.07 0.33  0  34.058  63.800
  VIMA10N 8.58  85W37.81  969-0.08 0.19  0 102.085 104.299
