 1.0 19 19 15  2       computed  01-Apr-04 03:57:21
-100.0   0.0  20.0  30.0  40.0  50.0  60.0  70.0  80.0  90.0 100.0 110.0 120.0 140.0 160.0 180.0 200.0 220.0 350.0
-100.0   0.0  20.0  40.0  60.0  70.0  80.0  90.0 100.0 110.0 120.0 130.0 140.0 150.0 160.0 180.0 200.0 220.0 350.0
 -10.0   0.0   5.0   9.0  13.0  16.0  20.0  25.0  30.0  35.0  40.0  50.0  65.0  90.0 700.0
  0  0  0
 3.00 3.00 3.00 3.00 3.00 3.00 3.00 3.00 3.00 3.00 3.00 3.00 3.00 3.00 3.00 3.00 3.00 3.00 3.00
 3.00 3.00 3.00 3.00 3.00 3.00 3.00 3.00 3.00 3.00 3.00 3.00 3.00 3.00 3.00 3.00 3.00 3.00 3.00
 3.00 3.00 3.00 3.00 3.00 3.00 3.00 3.00 3.00 3.00 3.00 3.00 3.00 3.00 3.00 3.00 3.00 3.00 3.00
 3.00 3.00 3.00 3.00 3.00 3.00 3.00 3.00 3.00 3.00 3.00 3.00 3.00 3.00 3.00 3.00 3.00 3.00 3.00
 3.00 3.00 3.00 3.00 3.00 3.00 3.00 3.00 3.00 3.00 3.00 3.00 3.00 3.00 3.00 3.00 3.00 3.00 3.00
 3.00 3.00 3.00 3.00 3.00 3.00 3.00 3.00 3.00 3.00 3.00 3.00 3.00 3.00 3.00 3.00 3.00 3.00 3.00
 3.00 3.00 3.00 3.00 3.00 3.00 3.00 3.00 3.00 3.00 3.00 3.00 3.00 3.00 3.00 3.00 3.00 3.00 3.00
 3.00 3.00 3.00 3.00 3.00 3.00 3.00 3.00 3.00 3.00 3.00 3.00 3.00 3.00 3.00 3.00 3.00 3.00 3.00
 3.00 3.00 3.00 3.00 3.00 3.00 3.00 3.00 3.00 3.00 3.00 3.00 3.00 3.00 3.00 3.00 3.00 3.00 3.00
 3.00 3.00 3.00 3.00 3.00 3.00 3.00 3.00 3.00 3.00 3.00 3.00 3.00 3.00 3.00 3.00 3.00 3.00 3.00
 3.00 3.00 3.00 3.00 3.00 3.00 3.00 3.00 3.00 3.00 3.00 3.00 3.00 3.00 3.00 3.00 3.00 3.00 3.00
 3.00 3.00 3.00 3.00 3.00 3.00 3.00 3.00 3.00 3.00 3.00 3.00 3.00 3.00 3.00 3.00 3.00 3.00 3.00
 3.00 3.00 3.00 3.00 3.00 3.00 3.00 3.00 3.00 3.00 3.00 3.00 3.00 3.00 3.00 3.00 3.00 3.00 3.00
 3.00 3.00 3.00 3.00 3.00 3.00 3.00 3.00 3.00 3.00 3.00 3.00 3.00 3.00 3.00 3.00 3.00 3.00 3.00
 3.00 3.00 3.00 3.00 3.00 3.00 3.00 3.00 3.00 3.00 3.00 3.00 3.00 3.00 3.00 3.00 3.00 3.00 3.00
 3.00 3.00 3.00 3.00 3.00 3.00 3.00 3.00 3.00 3.00 3.00 3.00 3.00 3.00 3.00 3.00 3.00 3.00 3.00
 3.00 3.00 3.00 3.00 3.00 3.00 3.00 3.00 3.00 3.00 3.00 3.00 3.00 3.00 3.00 3.00 3.00 3.00 3.00
 3.00 3.00 3.00 3.00 3.00 3.00 3.00 3.00 3.00 3.00 3.00 3.00 3.00 3.00 3.00 3.00 3.00 3.00 3.00
 3.00 3.00 3.00 3.00 3.00 3.00 3.00 3.00 3.00 3.00 3.00 3.00 3.00 3.00 3.00 3.00 3.00 3.00 3.00
 5.35 5.35 5.35 5.35 5.35 5.35 5.35 5.35 5.35 5.35 5.35 5.35 5.35 5.35 5.35 5.35 5.35 5.35 5.35
 5.35 5.35 5.35 5.35 5.35 5.35 5.35 5.35 5.35 5.35 5.35 5.35 5.35 5.35 5.35 5.35 5.35 5.35 5.35
 5.35 5.35 5.35 5.35 5.35 5.35 5.35 5.35 5.35 5.35 5.35 5.35 5.35 5.35 5.35 5.35 5.35 5.35 5.35
 5.35 5.35 5.35 5.43 5.54 5.36 5.29 5.32 5.35 5.35 5.35 5.36 5.36 5.35 5.35 5.35 5.35 5.35 5.35
 5.35 5.35 5.35 5.41 5.51 5.33 5.41 5.30 5.24 5.23 5.13 5.19 5.12 5.29 5.36 5.35 5.35 5.35 5.35
 5.35 5.35 5.32 5.40 5.59 5.47 5.37 5.27 5.13 5.14 5.04 5.07 5.08 5.17 5.36 5.35 5.35 5.35 5.35
 5.35 5.35 5.30 5.39 5.55 5.54 5.54 5.38 5.17 5.13 4.87 5.02 4.99 5.04 5.37 5.35 5.35 5.35 5.35
 5.35 5.35 5.32 5.40 5.50 5.40 5.30 5.27 5.39 5.17 4.95 5.02 5.14 5.09 5.36 5.35 5.35 5.35 5.35
 5.35 5.35 5.35 5.39 5.44 5.24 4.97 5.19 5.48 5.18 5.06 5.17 5.28 5.12 5.35 5.35 5.35 5.35 5.35
 5.35 5.35 5.32 5.31 5.30 5.22 5.08 5.42 5.74 5.54 5.34 5.48 5.52 5.23 5.35 5.35 5.35 5.35 5.35
 5.35 5.35 5.29 5.21 5.17 5.21 5.26 5.52 5.83 5.79 5.71 5.72 5.63 5.37 5.35 5.35 5.35 5.35 5.35
 5.35 5.35 5.32 5.24 5.19 5.26 5.27 5.32 5.51 5.49 5.45 5.44 5.47 5.35 5.35 5.35 5.35 5.35 5.35
 5.35 5.35 5.35 5.30 5.24 5.22 5.24 5.18 5.22 5.22 5.20 5.24 5.26 5.34 5.35 5.35 5.35 5.35 5.35
 5.35 5.35 5.35 5.33 5.30 5.31 5.29 5.27 5.31 5.40 5.45 5.35 5.32 5.34 5.35 5.35 5.35 5.35 5.35
 5.35 5.35 5.35 5.35 5.35 5.35 5.35 5.36 5.33 5.52 5.63 5.51 5.38 5.35 5.35 5.35 5.35 5.35 5.35
 5.35 5.35 5.35 5.35 5.35 5.35 5.35 5.37 5.39 5.33 5.27 5.31 5.35 5.35 5.35 5.35 5.35 5.35 5.35
 5.35 5.35 5.35 5.35 5.35 5.35 5.35 5.35 5.35 5.35 5.35 5.35 5.35 5.35 5.35 5.35 5.35 5.35 5.35
 5.35 5.35 5.35 5.35 5.35 5.35 5.35 5.35 5.35 5.35 5.35 5.35 5.35 5.35 5.35 5.35 5.35 5.35 5.35
 5.35 5.35 5.35 5.35 5.35 5.35 5.35 5.35 5.35 5.35 5.35 5.35 5.35 5.35 5.35 5.35 5.35 5.35 5.35
 6.12 6.12 6.12 6.12 6.12 6.12 6.12 6.12 6.12 6.12 6.12 6.12 6.12 6.12 6.12 6.12 6.12 6.12 6.12
 6.12 6.12 6.12 6.12 6.12 6.12 6.12 6.12 6.12 6.12 6.12 6.12 6.12 6.12 6.12 6.12 6.12 6.12 6.12
 6.12 6.12 6.12 6.12 6.12 6.12 6.12 6.12 6.12 6.12 6.12 6.12 6.12 6.12 6.17 6.12 6.12 6.12 6.12
 6.12 6.12 6.12 6.15 6.21 6.09 6.05 6.09 6.12 6.20 6.27 6.37 6.40 6.11 6.44 6.28 6.12 6.12 6.12
 6.12 6.12 5.97 6.20 6.51 6.11 5.80 6.03 6.15 5.53 4.83 5.08 5.05 5.57 6.34 6.56 6.12 6.12 6.12
 6.12 6.12 6.05 6.17 6.23 6.27 6.14 6.20 6.17 5.78 5.36 5.48 5.40 5.56 6.36 6.35 6.12 6.12 6.12
 6.12 6.12 6.15 6.26 6.10 6.37 6.56 6.30 6.20 6.14 6.03 5.97 5.80 5.41 6.40 6.14 6.12 6.12 6.12
 6.12 6.12 6.11 6.08 6.24 6.31 6.45 6.29 6.02 6.38 6.20 6.10 5.81 5.48 6.26 6.13 6.12 6.12 6.12
 6.12 6.12 6.07 6.18 6.31 6.30 6.23 6.14 6.45 6.56 6.71 6.19 5.76 5.45 6.12 6.12 6.12 6.12 6.12
 6.12 6.12 6.20 6.12 6.06 6.18 6.43 6.19 6.07 6.32 6.36 6.56 5.95 5.76 6.12 6.12 6.12 6.12 6.12
 6.12 6.12 6.35 6.12 5.84 5.99 5.91 5.90 5.82 6.19 6.37 6.40 6.48 6.24 6.12 6.12 6.12 6.12 6.12
 6.12 6.12 6.20 6.11 6.12 6.11 6.03 5.77 5.81 6.09 6.23 6.17 6.22 6.13 6.12 6.12 6.12 6.12 6.12
 6.12 6.12 6.07 6.21 6.35 6.33 6.19 5.88 6.08 6.15 6.30 6.21 6.14 6.12 6.12 6.12 6.12 6.12 6.12
 6.12 6.12 6.09 6.16 6.24 6.08 5.88 5.68 5.94 6.18 6.17 6.11 6.19 6.12 6.12 6.12 6.12 6.12 6.12
 6.12 6.12 6.12 6.12 6.12 5.91 5.70 5.85 5.92 5.94 5.96 6.16 6.22 6.12 6.12 6.12 6.12 6.12 6.12
 6.12 6.12 6.12 6.12 6.12 6.12 6.12 6.26 6.40 6.20 6.00 6.09 6.18 6.12 6.12 6.12 6.12 6.12 6.12
 6.12 6.12 6.12 6.12 6.12 6.12 6.12 6.12 6.12 6.12 6.12 6.12 6.12 6.12 6.12 6.12 6.12 6.12 6.12
 6.12 6.12 6.12 6.12 6.12 6.12 6.12 6.12 6.12 6.12 6.12 6.12 6.12 6.12 6.12 6.12 6.12 6.12 6.12
 6.12 6.12 6.12 6.12 6.12 6.12 6.12 6.12 6.12 6.12 6.12 6.12 6.12 6.12 6.12 6.12 6.12 6.12 6.12
 6.12 6.12 6.12 6.12 6.12 6.12 6.12 6.12 6.12 6.12 6.12 6.12 6.12 6.12 6.12 6.12 6.12 6.12 6.12
 6.12 6.12 6.12 6.12 6.12 6.12 6.12 6.12 6.12 6.12 6.12 6.12 6.12 6.12 6.12 6.12 6.12 6.12 6.12
 6.12 6.12 6.12 6.12 6.12 6.12 6.12 6.12 6.12 6.12 6.12 6.12 6.12 6.12 6.12 6.12 6.12 6.12 6.12
 6.12 6.12 6.12 5.80 5.46 5.76 6.36 6.20 6.13 6.40 6.73 6.44 6.18 6.07 6.54 6.20 6.12 6.12 6.12
 6.12 6.12 6.19 6.10 5.97 6.47 6.52 5.89 5.37 5.40 5.52 5.88 6.19 5.64 6.82 6.67 6.12 6.12 6.12
 6.12 6.12 6.20 6.14 5.83 6.31 6.30 6.14 5.77 5.54 5.60 5.58 5.57 5.75 6.56 6.41 6.12 6.12 6.12
 6.12 6.12 6.22 6.06 5.83 5.95 6.11 6.10 6.26 6.18 5.56 5.23 5.05 5.76 6.47 6.16 6.12 6.12 6.12
 6.12 6.12 6.09 5.84 5.67 5.89 6.06 5.90 6.01 5.65 5.78 5.64 5.46 5.58 6.30 6.14 6.12 6.12 6.12
 6.12 6.12 5.96 5.90 5.90 5.79 5.74 5.45 5.63 5.36 5.54 6.00 6.15 5.40 6.20 6.12 6.12 6.12 6.12
 6.12 6.12 6.30 6.04 5.79 5.87 5.88 5.99 5.74 5.87 5.58 5.84 6.07 5.69 6.16 6.12 6.12 6.12 6.12
 6.12 6.12 6.66 6.25 5.74 5.84 5.88 5.83 6.14 5.89 5.33 5.59 6.07 6.19 6.12 6.12 6.12 6.12 6.12
 6.12 6.12 6.38 6.04 5.74 5.73 5.95 5.89 6.19 5.87 5.73 5.97 5.96 6.14 6.12 6.12 6.12 6.12 6.12
 6.12 6.12 6.12 5.93 5.74 5.81 5.93 6.11 6.48 6.34 6.09 6.07 6.12 6.12 6.12 6.12 6.12 6.12 6.12
 6.12 6.12 6.12 6.02 5.93 5.91 5.86 5.93 6.07 6.06 5.83 6.15 6.33 6.12 6.12 6.12 6.12 6.12 6.12
 6.12 6.12 6.12 6.11 6.10 6.07 6.05 5.96 5.82 5.79 5.82 6.20 6.45 6.12 6.12 6.12 6.12 6.12 6.12
 6.12 6.12 6.12 6.12 6.12 6.12 6.12 6.10 6.08 6.06 6.04 6.11 6.18 6.12 6.12 6.12 6.12 6.12 6.12
 6.12 6.12 6.12 6.12 6.12 6.12 6.12 6.12 6.12 6.12 6.12 6.12 6.12 6.12 6.12 6.12 6.12 6.12 6.12
 6.12 6.12 6.12 6.12 6.12 6.12 6.12 6.12 6.12 6.12 6.12 6.12 6.12 6.12 6.12 6.12 6.12 6.12 6.12
 6.12 6.12 6.12 6.12 6.12 6.12 6.12 6.12 6.12 6.12 6.12 6.12 6.12 6.12 6.12 6.12 6.12 6.12 6.12
 6.28 6.28 6.28 6.28 6.28 6.28 6.28 6.28 6.28 6.28 6.28 6.28 6.28 6.28 6.28 6.28 6.28 6.28 6.28
 6.28 6.28 6.28 6.28 6.28 6.28 6.28 6.28 6.28 6.28 6.28 6.28 6.28 6.28 6.28 6.28 6.28 6.28 6.28
 6.28 6.28 6.28 6.28 6.28 6.28 6.28 6.28 6.28 6.28 6.28 6.28 6.28 6.28 6.28 6.28 6.28 6.28 6.28
 6.28 6.28 6.28 6.07 5.84 5.61 5.64 6.15 6.57 6.76 6.83 6.49 6.18 6.19 6.41 6.28 6.28 6.28 6.28
 6.28 6.28 6.31 5.95 5.51 5.07 4.82 5.24 5.53 6.07 6.65 6.77 7.19 5.98 7.79 6.57 6.28 6.28 6.28
 6.28 6.28 6.29 6.00 5.55 5.62 5.33 5.55 5.81 5.95 6.30 5.95 6.05 5.91 6.96 6.46 6.28 6.28 6.28
 6.28 6.28 6.27 6.05 5.75 5.93 6.17 5.86 5.81 5.76 5.42 5.36 5.33 5.87 6.36 6.35 6.28 6.28 6.28
 6.28 6.28 6.20 6.09 6.06 6.06 6.03 6.14 6.28 6.22 6.18 5.48 5.53 5.71 6.50 6.32 6.28 6.28 6.28
 6.28 6.28 6.14 6.30 6.47 6.33 5.75 6.31 6.50 6.47 6.15 6.27 5.83 5.45 6.62 6.28 6.28 6.28 6.28
 6.28 6.28 6.46 6.51 6.55 6.57 6.47 6.30 6.26 6.24 6.21 6.12 6.04 5.62 6.44 6.28 6.28 6.28 6.28
 6.28 6.28 6.79 6.77 6.67 6.55 6.47 6.39 6.20 6.26 6.54 6.37 6.30 6.09 6.28 6.28 6.28 6.28 6.28
 6.28 6.28 6.53 6.46 6.37 6.55 6.80 6.31 6.15 6.07 6.18 6.34 6.04 6.18 6.28 6.28 6.28 6.28 6.28
 6.28 6.28 6.28 6.22 6.16 6.58 7.06 6.42 5.99 6.10 6.06 6.06 6.18 6.28 6.28 6.28 6.28 6.28 6.28
 6.28 6.28 6.28 6.25 6.22 6.38 6.55 6.14 5.71 5.92 6.08 6.31 6.37 6.28 6.28 6.28 6.28 6.28 6.28
 6.28 6.28 6.28 6.28 6.28 6.22 6.15 5.81 5.48 5.86 6.21 6.38 6.54 6.28 6.28 6.28 6.28 6.28 6.28
 6.28 6.28 6.28 6.28 6.28 6.28 6.28 6.25 6.22 6.19 6.16 6.22 6.29 6.28 6.28 6.28 6.28 6.28 6.28
 6.28 6.28 6.28 6.28 6.28 6.28 6.28 6.28 6.28 6.28 6.28 6.28 6.28 6.28 6.28 6.28 6.28 6.28 6.28
 6.28 6.28 6.28 6.28 6.28 6.28 6.28 6.28 6.28 6.28 6.28 6.28 6.28 6.28 6.28 6.28 6.28 6.28 6.28
 6.28 6.28 6.28 6.28 6.28 6.28 6.28 6.28 6.28 6.28 6.28 6.28 6.28 6.28 6.28 6.28 6.28 6.28 6.28
 6.46 6.46 6.46 6.46 6.46 6.46 6.46 6.46 6.46 6.46 6.46 6.46 6.46 6.46 6.46 6.46 6.46 6.46 6.46
 6.46 6.46 6.46 6.46 6.46 6.46 6.46 6.46 6.46 6.46 6.46 6.46 6.46 6.46 6.46 6.46 6.46 6.46 6.46
 6.46 6.46 6.46 6.46 6.46 6.46 6.46 6.46 6.46 6.46 6.46 6.46 6.46 6.46 6.46 6.46 6.46 6.46 6.46
 6.46 6.46 6.46 6.41 6.36 6.41 6.64 7.19 7.86 7.10 6.41 6.40 6.39 6.40 6.47 6.46 6.46 6.46 6.46
 6.46 6.46 6.35 6.54 6.87 6.30 6.22 6.20 6.48 6.46 6.21 6.55 7.14 7.02 7.72 6.53 6.46 6.46 6.46
 6.46 6.46 6.32 6.36 6.54 6.58 6.35 5.96 6.17 5.84 5.79 6.14 6.43 6.58 7.12 6.55 6.46 6.46 6.46
 6.46 6.46 6.28 6.26 6.18 6.39 6.69 5.87 5.12 5.07 5.19 5.67 6.01 6.08 6.47 6.56 6.46 6.46 6.46
 6.46 6.46 6.33 6.26 6.18 6.37 6.55 6.24 5.51 5.78 5.71 5.52 5.83 6.22 6.72 6.51 6.46 6.46 6.46
 6.46 6.46 6.38 6.34 6.20 6.43 6.24 6.04 5.83 6.08 6.04 5.63 5.18 5.89 6.70 6.46 6.46 6.46 6.46
 6.46 6.46 6.63 6.54 6.46 6.40 6.24 6.25 6.01 6.16 6.67 5.95 5.40 5.97 6.59 6.46 6.46 6.46 6.46
 6.46 6.46 6.89 6.82 6.68 6.42 6.09 6.05 5.96 6.26 6.46 6.03 5.56 6.18 6.46 6.46 6.46 6.46 6.46
 6.46 6.46 6.67 6.58 6.44 6.57 6.63 6.37 6.13 6.28 6.28 6.19 5.98 6.47 6.46 6.46 6.46 6.46 6.46
 6.46 6.46 6.46 6.39 6.33 6.66 7.04 6.52 6.06 6.21 6.19 6.28 6.47 6.69 6.46 6.46 6.46 6.46 6.46
 6.46 6.46 6.46 6.43 6.39 6.52 6.64 6.33 6.05 6.15 6.24 6.40 6.55 6.57 6.46 6.46 6.46 6.46 6.46
 6.46 6.46 6.46 6.46 6.46 6.38 6.29 6.14 5.98 6.21 6.37 6.51 6.65 6.46 6.46 6.46 6.46 6.46 6.46
 6.46 6.46 6.46 6.46 6.46 6.46 6.46 6.43 6.40 6.34 6.29 6.38 6.46 6.46 6.46 6.46 6.46 6.46 6.46
 6.46 6.46 6.46 6.46 6.46 6.46 6.46 6.46 6.46 6.46 6.46 6.46 6.46 6.46 6.46 6.46 6.46 6.46 6.46
 6.46 6.46 6.46 6.46 6.46 6.46 6.46 6.46 6.46 6.46 6.46 6.46 6.46 6.46 6.46 6.46 6.46 6.46 6.46
 6.46 6.46 6.46 6.46 6.46 6.46 6.46 6.46 6.46 6.46 6.46 6.46 6.46 6.46 6.46 6.46 6.46 6.46 6.46
 6.72 6.72 6.72 6.72 6.72 6.72 6.72 6.72 6.72 6.72 6.72 6.72 6.72 6.72 6.72 6.72 6.72 6.72 6.72
 6.72 6.72 6.72 6.72 6.72 6.72 6.72 6.72 6.72 6.72 6.72 6.72 6.72 6.72 6.72 6.72 6.72 6.72 6.72
 6.72 6.72 6.72 6.72 6.72 6.72 6.72 6.72 6.72 6.72 6.72 6.72 6.72 6.72 6.72 6.72 6.72 6.72 6.72
 6.72 6.72 6.72 6.74 6.76 6.78 6.77 6.72 6.64 6.64 6.64 6.64 6.64 6.69 6.72 6.72 6.72 6.72 6.72
 6.72 6.72 6.77 6.94 7.11 6.40 5.73 5.64 5.67 6.72 7.59 7.39 7.23 8.23 7.15 6.73 6.72 6.72 6.72
 6.72 6.72 6.75 6.85 6.92 6.55 6.08 5.88 5.90 6.81 7.44 7.72 7.67 8.20 7.12 6.74 6.72 6.72 6.72
 6.72 6.72 6.73 6.85 6.84 6.50 6.27 6.03 6.20 6.67 7.06 7.76 7.74 7.53 7.04 6.76 6.72 6.72 6.72
 6.72 6.72 6.72 6.60 6.43 6.47 6.41 6.28 6.18 6.38 6.58 6.59 6.84 7.73 6.90 6.74 6.72 6.72 6.72
 6.72 6.72 6.71 6.38 5.92 6.39 6.37 6.31 6.01 5.99 6.16 5.85 5.49 7.74 6.72 6.72 6.72 6.72 6.72
 6.72 6.72 6.94 6.77 6.58 6.45 6.34 6.36 6.16 6.14 6.06 5.85 5.90 7.77 6.73 6.72 6.72 6.72 6.72
 6.72 6.72 7.18 7.21 7.19 6.63 6.10 6.20 6.28 6.31 5.86 5.92 6.01 8.07 6.72 6.72 6.72 6.72 6.72
 6.72 6.72 6.95 6.92 6.89 6.71 6.60 6.35 6.12 6.25 6.17 6.01 6.16 7.43 6.72 6.72 6.72 6.72 6.72
 6.72 6.72 6.72 6.70 6.68 6.78 6.92 6.47 5.99 6.24 6.41 6.23 6.19 6.75 6.72 6.72 6.72 6.72 6.72
 6.72 6.72 6.72 6.71 6.70 6.70 6.69 6.41 6.28 6.32 6.38 6.54 6.64 6.74 6.72 6.72 6.72 6.72 6.72
 6.72 6.72 6.72 6.72 6.72 6.59 6.47 6.41 6.33 6.38 6.54 6.82 7.00 6.72 6.72 6.72 6.72 6.72 6.72
 6.72 6.72 6.72 6.72 6.72 6.72 6.72 6.71 6.70 6.62 6.55 6.65 6.75 6.72 6.72 6.72 6.72 6.72 6.72
 6.72 6.72 6.72 6.72 6.72 6.72 6.72 6.72 6.72 6.72 6.72 6.72 6.72 6.72 6.72 6.72 6.72 6.72 6.72
 6.72 6.72 6.72 6.72 6.72 6.72 6.72 6.72 6.72 6.72 6.72 6.72 6.72 6.72 6.72 6.72 6.72 6.72 6.72
 6.72 6.72 6.72 6.72 6.72 6.72 6.72 6.72 6.72 6.72 6.72 6.72 6.72 6.72 6.72 6.72 6.72 6.72 6.72
 7.01 7.01 7.01 7.01 7.01 7.01 7.01 7.01 7.01 7.01 7.01 7.01 7.01 7.01 7.01 7.01 7.01 7.01 7.01
 7.01 7.01 7.01 7.01 7.01 7.01 7.01 7.01 7.01 7.01 7.01 7.01 7.01 7.01 7.01 7.01 7.01 7.01 7.01
 7.01 7.01 7.01 7.01 7.01 7.01 7.01 7.01 7.01 7.01 7.01 7.01 7.01 7.01 7.01 7.01 7.01 7.01 7.01
 7.01 7.01 7.01 7.02 7.03 7.03 6.99 6.94 6.89 6.89 6.90 6.93 6.96 7.01 7.01 7.01 7.01 7.01 7.01
 7.01 7.01 7.04 7.13 7.24 7.35 7.36 6.57 6.14 7.01 7.89 7.76 7.47 7.59 7.10 7.01 7.01 7.01 7.01
 7.01 7.01 6.96 6.94 6.82 7.02 6.98 6.99 6.94 7.70 8.27 8.03 8.07 7.75 7.21 7.01 7.01 7.01 7.01
 7.01 7.01 6.88 6.77 6.60 6.54 6.37 6.73 7.10 7.50 8.22 8.36 8.55 7.77 7.32 7.01 7.01 7.01 7.01
 7.01 7.01 6.97 6.86 6.72 6.52 6.26 6.68 7.05 7.10 6.98 8.00 8.37 7.47 7.29 7.01 7.01 7.01 7.01
 7.01 7.01 7.06 6.87 6.58 6.54 6.13 6.51 7.16 6.73 6.43 7.55 8.44 8.07 7.27 7.01 7.01 7.01 7.01
 7.01 7.01 7.26 7.14 6.99 6.58 6.28 6.51 6.68 6.53 6.63 7.17 8.07 7.51 7.12 7.01 7.01 7.01 7.01
 7.01 7.01 7.46 7.46 7.38 6.80 6.35 6.44 6.40 6.74 6.65 6.88 7.27 7.19 7.01 7.01 7.01 7.01 7.01
 7.01 7.01 7.24 7.22 7.27 6.82 6.51 6.64 6.77 6.60 6.49 6.65 7.01 7.11 7.01 7.01 7.01 7.01 7.01
 7.01 7.01 7.01 7.09 7.18 6.82 6.56 6.78 7.04 6.47 6.16 6.43 6.69 7.01 7.01 7.01 7.01 7.01 7.01
 7.01 7.01 7.01 7.05 7.09 6.87 6.66 6.70 6.89 6.60 6.32 6.72 7.03 7.01 7.01 7.01 7.01 7.01 7.01
 7.01 7.01 7.01 7.01 7.01 6.87 6.73 6.67 6.61 6.56 6.55 7.06 7.34 7.01 7.01 7.01 7.01 7.01 7.01
 7.01 7.01 7.01 7.01 7.01 7.01 7.01 7.01 7.01 6.94 6.87 6.95 7.04 7.01 7.01 7.01 7.01 7.01 7.01
 7.01 7.01 7.01 7.01 7.01 7.01 7.01 7.01 7.01 7.01 7.01 7.01 7.01 7.01 7.01 7.01 7.01 7.01 7.01
 7.01 7.01 7.01 7.01 7.01 7.01 7.01 7.01 7.01 7.01 7.01 7.01 7.01 7.01 7.01 7.01 7.01 7.01 7.01
 7.01 7.01 7.01 7.01 7.01 7.01 7.01 7.01 7.01 7.01 7.01 7.01 7.01 7.01 7.01 7.01 7.01 7.01 7.01
 7.39 7.39 7.39 7.39 7.39 7.39 7.39 7.39 7.39 7.39 7.39 7.39 7.39 7.39 7.39 7.39 7.39 7.39 7.39
 7.39 7.39 7.39 7.39 7.39 7.39 7.39 7.39 7.39 7.39 7.39 7.39 7.39 7.39 7.39 7.39 7.39 7.39 7.39
 7.39 7.39 7.39 7.39 7.39 7.39 7.39 7.39 7.39 7.39 7.39 7.39 7.39 7.39 7.39 7.39 7.39 7.39 7.39
 7.39 7.39 7.39 7.39 7.39 7.39 7.39 7.39 7.39 7.39 7.39 7.39 7.39 7.39 7.39 7.39 7.39 7.39 7.39
 7.39 7.39 7.40 7.61 7.84 7.46 7.07 7.07 7.02 7.25 7.54 7.53 7.53 7.58 7.39 7.39 7.39 7.39 7.39
 7.39 7.39 7.34 7.46 7.60 7.36 7.13 7.25 7.22 7.51 7.82 7.69 7.63 7.78 7.41 7.39 7.39 7.39 7.39
 7.39 7.39 7.28 7.30 7.23 7.34 7.38 7.39 7.53 7.91 8.17 7.85 7.68 7.85 7.43 7.39 7.39 7.39 7.39
 7.39 7.39 7.34 7.38 7.38 7.29 7.37 6.96 7.00 7.82 7.92 8.19 8.29 8.36 7.47 7.39 7.39 7.39 7.39
 7.39 7.39 7.41 7.35 7.29 7.36 7.31 6.76 6.42 7.34 7.83 8.71 8.95 9.01 7.52 7.39 7.39 7.39 7.39
 7.39 7.39 7.61 7.48 7.31 7.34 7.50 7.15 6.80 6.98 7.46 7.76 8.25 8.30 7.45 7.39 7.39 7.39 7.39
 7.39 7.39 7.81 7.65 7.37 7.38 7.57 7.58 7.20 6.95 6.42 7.09 7.47 7.58 7.39 7.39 7.39 7.39 7.39
 7.39 7.39 7.60 7.56 7.54 7.34 7.15 7.25 7.33 6.86 6.78 7.09 7.30 7.49 7.39 7.39 7.39 7.39 7.39
 7.39 7.39 7.39 7.57 7.77 7.15 6.55 6.76 6.86 6.94 7.06 7.12 7.20 7.39 7.39 7.39 7.39 7.39 7.39
 7.39 7.39 7.39 7.48 7.57 7.23 6.88 6.87 7.01 7.03 6.95 7.23 7.43 7.39 7.39 7.39 7.39 7.39 7.39
 7.39 7.39 7.39 7.39 7.39 7.29 7.19 7.11 7.17 7.06 6.95 7.43 7.72 7.39 7.39 7.39 7.39 7.39 7.39
 7.39 7.39 7.39 7.39 7.39 7.39 7.39 7.36 7.32 7.29 7.26 7.34 7.41 7.39 7.39 7.39 7.39 7.39 7.39
 7.39 7.39 7.39 7.39 7.39 7.39 7.39 7.39 7.39 7.39 7.39 7.39 7.39 7.39 7.39 7.39 7.39 7.39 7.39
 7.39 7.39 7.39 7.39 7.39 7.39 7.39 7.39 7.39 7.39 7.39 7.39 7.39 7.39 7.39 7.39 7.39 7.39 7.39
 7.39 7.39 7.39 7.39 7.39 7.39 7.39 7.39 7.39 7.39 7.39 7.39 7.39 7.39 7.39 7.39 7.39 7.39 7.39
 7.55 7.55 7.55 7.55 7.55 7.55 7.55 7.55 7.55 7.55 7.55 7.55 7.55 7.55 7.55 7.55 7.55 7.55 7.55
 7.55 7.55 7.55 7.55 7.55 7.55 7.55 7.55 7.55 7.55 7.55 7.55 7.55 7.55 7.55 7.55 7.55 7.55 7.55
 7.55 7.55 7.55 7.55 7.55 7.55 7.55 7.55 7.55 7.55 7.55 7.55 7.55 7.55 7.55 7.55 7.55 7.55 7.55
 7.55 7.55 7.55 7.55 7.55 7.55 7.55 7.55 7.55 7.55 7.55 7.55 7.55 7.55 7.55 7.55 7.55 7.55 7.55
 7.55 7.55 7.55 7.58 7.61 7.43 7.26 7.41 7.55 7.65 7.75 7.72 7.69 7.55 7.55 7.55 7.55 7.55 7.55
 7.55 7.55 7.61 7.62 7.67 7.36 6.88 7.32 7.66 7.70 7.70 7.80 7.97 7.60 7.55 7.55 7.55 7.55 7.55
 7.55 7.55 7.67 7.67 7.63 7.16 6.65 7.26 7.78 7.72 7.67 7.90 8.01 7.65 7.55 7.55 7.55 7.55 7.55
 7.55 7.55 7.59 7.47 7.31 6.85 6.41 7.20 7.98 8.04 8.13 8.04 7.77 7.82 7.55 7.55 7.55 7.55 7.55
 7.55 7.55 7.52 7.24 6.98 6.51 6.15 6.87 7.88 8.32 8.67 8.46 7.68 8.00 7.55 7.55 7.55 7.55 7.55
 7.55 7.55 7.74 7.37 6.95 6.71 6.63 6.87 7.42 7.71 7.67 7.77 8.04 8.18 7.55 7.55 7.55 7.55 7.55
 7.55 7.55 7.95 7.54 7.00 6.89 6.98 7.29 7.06 6.80 6.34 7.51 8.42 8.24 7.55 7.55 7.55 7.55 7.55
 7.55 7.55 7.75 7.58 7.40 7.18 6.80 6.81 6.95 7.04 7.08 7.69 7.96 7.87 7.55 7.55 7.55 7.55 7.55
 7.55 7.55 7.55 7.70 7.86 7.41 6.66 6.63 6.45 7.43 8.22 7.84 7.58 7.55 7.55 7.55 7.55 7.55 7.55
 7.55 7.55 7.55 7.63 7.70 7.43 7.06 6.90 6.86 7.16 7.50 7.57 7.67 7.55 7.55 7.55 7.55 7.55 7.55
 7.55 7.55 7.55 7.55 7.55 7.54 7.53 7.40 7.31 7.17 7.10 7.48 7.80 7.55 7.55 7.55 7.55 7.55 7.55
 7.55 7.55 7.55 7.55 7.55 7.55 7.55 7.50 7.45 7.45 7.44 7.49 7.55 7.55 7.55 7.55 7.55 7.55 7.55
 7.55 7.55 7.55 7.55 7.55 7.55 7.55 7.55 7.55 7.55 7.55 7.55 7.55 7.55 7.55 7.55 7.55 7.55 7.55
 7.55 7.55 7.55 7.55 7.55 7.55 7.55 7.55 7.55 7.55 7.55 7.55 7.55 7.55 7.55 7.55 7.55 7.55 7.55
 7.55 7.55 7.55 7.55 7.55 7.55 7.55 7.55 7.55 7.55 7.55 7.55 7.55 7.55 7.55 7.55 7.55 7.55 7.55
 8.14 8.14 8.14 8.14 8.14 8.14 8.14 8.14 8.14 8.14 8.14 8.14 8.14 8.14 8.14 8.14 8.14 8.14 8.14
 8.14 8.14 8.14 8.14 8.14 8.14 8.14 8.14 8.14 8.14 8.14 8.14 8.14 8.14 8.14 8.14 8.14 8.14 8.14
 8.14 8.14 8.14 8.14 8.14 8.14 8.14 8.14 8.14 8.14 8.14 8.14 8.14 8.14 8.14 8.14 8.14 8.14 8.14
 8.14 8.14 8.14 8.14 8.14 8.14 8.14 8.14 8.14 8.14 8.14 8.14 8.14 8.14 8.14 8.14 8.14 8.14 8.14
 8.14 8.14 8.14 8.14 8.14 8.13 8.12 8.19 8.26 8.24 8.23 8.19 8.14 8.14 8.14 8.14 8.14 8.14 8.14
 8.14 8.14 8.16 8.06 7.95 8.20 8.44 8.41 8.39 8.43 8.50 8.38 8.19 8.15 8.14 8.14 8.14 8.14 8.14
 8.14 8.14 8.18 8.02 7.86 8.37 8.75 8.65 8.58 8.70 8.79 8.49 8.23 8.15 8.14 8.14 8.14 8.14 8.14
 8.14 8.14 7.97 7.49 6.89 7.37 7.86 8.06 8.33 8.46 8.58 8.39 8.14 8.18 8.14 8.14 8.14 8.14 8.14
 8.14 8.14 7.77 6.83 6.05 6.63 7.02 7.53 8.26 8.25 8.53 8.33 8.09 8.21 8.14 8.14 8.14 8.14 8.14
 8.14 8.14 8.24 7.43 6.51 6.86 7.11 7.01 7.65 8.25 8.65 8.52 8.59 8.39 8.14 8.14 8.14 8.14 8.14
 8.14 8.14 8.71 8.04 7.15 6.98 7.25 6.99 7.08 7.69 8.21 8.73 9.00 8.58 8.14 8.14 8.14 8.14 8.14
 8.14 8.14 8.43 8.08 7.70 7.43 7.17 6.86 7.07 7.07 7.93 8.31 8.73 8.38 8.14 8.14 8.14 8.14 8.14
 8.14 8.14 8.14 8.22 8.28 8.00 7.55 7.23 6.85 6.99 7.39 8.07 8.48 8.19 8.14 8.14 8.14 8.14 8.14
 8.14 8.14 8.14 8.18 8.22 8.14 8.13 7.55 7.04 7.24 7.71 7.78 8.17 8.18 8.14 8.14 8.14 8.14 8.14
 8.14 8.14 8.14 8.14 8.14 8.31 8.47 7.87 7.39 7.45 7.66 7.78 8.01 8.16 8.14 8.14 8.14 8.14 8.14
 8.14 8.14 8.14 8.14 8.14 8.14 8.14 8.10 8.06 8.03 8.00 8.07 8.14 8.14 8.14 8.14 8.14 8.14 8.14
 8.14 8.14 8.14 8.14 8.14 8.14 8.14 8.14 8.14 8.14 8.14 8.14 8.14 8.14 8.14 8.14 8.14 8.14 8.14
 8.14 8.14 8.14 8.14 8.14 8.14 8.14 8.14 8.14 8.14 8.14 8.14 8.14 8.14 8.14 8.14 8.14 8.14 8.14
 8.14 8.14 8.14 8.14 8.14 8.14 8.14 8.14 8.14 8.14 8.14 8.14 8.14 8.14 8.14 8.14 8.14 8.14 8.14
 8.14 8.14 8.14 8.14 8.14 8.14 8.14 8.14 8.14 8.14 8.14 8.14 8.14 8.14 8.14 8.14 8.14 8.14 8.14
 8.14 8.14 8.14 8.14 8.14 8.14 8.14 8.14 8.14 8.14 8.14 8.14 8.14 8.14 8.14 8.14 8.14 8.14 8.14
 8.14 8.14 8.14 8.14 8.14 8.14 8.14 8.14 8.14 8.14 8.14 8.14 8.14 8.14 8.14 8.14 8.14 8.14 8.14
 8.14 8.14 8.14 8.14 8.14 8.14 8.14 8.14 8.14 8.14 8.14 8.14 8.14 8.14 8.14 8.14 8.14 8.14 8.14
 8.14 8.14 8.14 8.14 8.14 8.14 8.14 8.14 8.14 8.14 8.14 8.14 8.14 8.14 8.14 8.14 8.14 8.14 8.14
 8.14 8.14 8.09 8.16 8.24 8.19 8.15 8.14 8.12 8.13 8.14 8.14 8.15 8.14 8.14 8.14 8.14 8.14 8.14
 8.14 8.14 8.03 8.19 8.33 8.24 8.13 8.10 8.10 8.11 8.13 8.14 8.15 8.14 8.14 8.14 8.14 8.14 8.14
 8.14 8.14 7.86 7.80 7.80 7.68 7.62 7.98 8.41 8.21 8.01 8.08 8.15 8.14 8.14 8.14 8.14 8.14 8.14
 8.14 8.14 7.69 7.34 7.30 7.35 7.26 7.99 8.70 8.23 7.87 7.99 8.16 8.14 8.14 8.14 8.14 8.14 8.14
 8.14 8.14 8.28 7.70 6.96 6.90 6.94 7.87 8.70 8.36 8.11 8.10 8.18 8.14 8.14 8.14 8.14 8.14 8.14
 8.14 8.14 8.88 8.03 6.94 6.77 7.09 7.79 8.80 8.36 8.33 8.30 8.20 8.14 8.14 8.14 8.14 8.14 8.14
 8.14 8.14 8.51 8.07 7.58 7.36 6.99 6.96 7.60 7.95 8.61 8.34 8.22 8.14 8.14 8.14 8.14 8.14 8.14
 8.14 8.14 8.14 8.21 8.27 7.81 7.46 7.05 6.75 7.59 8.47 8.38 8.22 8.14 8.14 8.14 8.14 8.14 8.14
 8.14 8.14 8.14 8.18 8.21 8.08 8.04 7.68 7.09 7.25 7.76 8.02 8.08 8.14 8.14 8.14 8.14 8.14 8.14
 8.14 8.14 8.14 8.14 8.14 8.31 8.46 7.82 7.32 7.27 7.25 7.67 8.00 8.14 8.14 8.14 8.14 8.14 8.14
 8.14 8.14 8.14 8.14 8.14 8.14 8.14 8.12 8.11 8.07 8.04 8.09 8.14 8.14 8.14 8.14 8.14 8.14 8.14
 8.14 8.14 8.14 8.14 8.14 8.14 8.14 8.14 8.14 8.14 8.14 8.14 8.14 8.14 8.14 8.14 8.14 8.14 8.14
 8.14 8.14 8.14 8.14 8.14 8.14 8.14 8.14 8.14 8.14 8.14 8.14 8.14 8.14 8.14 8.14 8.14 8.14 8.14
 8.14 8.14 8.14 8.14 8.14 8.14 8.14 8.14 8.14 8.14 8.14 8.14 8.14 8.14 8.14 8.14 8.14 8.14 8.14
 8.26 8.26 8.26 8.26 8.26 8.26 8.26 8.26 8.26 8.26 8.26 8.26 8.26 8.26 8.26 8.26 8.26 8.26 8.26
 8.26 8.26 8.26 8.26 8.26 8.26 8.26 8.26 8.26 8.26 8.26 8.26 8.26 8.26 8.26 8.26 8.26 8.26 8.26
 8.26 8.26 8.26 8.26 8.26 8.26 8.26 8.26 8.26 8.26 8.26 8.26 8.26 8.26 8.26 8.26 8.26 8.26 8.26
 8.26 8.26 8.26 8.26 8.26 8.26 8.26 8.26 8.26 8.26 8.26 8.26 8.26 8.26 8.26 8.26 8.26 8.26 8.26
 8.26 8.26 8.26 8.26 8.26 8.26 8.26 8.26 8.26 8.26 8.26 8.26 8.26 8.26 8.26 8.26 8.26 8.26 8.26
 8.26 8.26 8.26 8.26 8.27 8.26 8.26 8.26 8.26 8.26 8.26 8.26 8.26 8.26 8.26 8.26 8.26 8.26 8.26
 8.26 8.26 8.26 8.27 8.27 8.27 8.26 8.26 8.26 8.26 8.26 8.26 8.26 8.26 8.26 8.26 8.26 8.26 8.26
 8.26 8.26 8.17 8.41 8.66 8.53 8.40 8.34 8.27 8.27 8.27 8.27 8.26 8.26 8.26 8.26 8.26 8.26 8.26
 8.26 8.26 8.08 8.55 9.12 8.86 8.55 8.42 8.28 8.28 8.29 8.27 8.26 8.26 8.26 8.26 8.26 8.26 8.26
 8.26 8.26 8.34 8.40 8.56 8.81 8.91 8.75 8.34 8.27 8.22 8.24 8.26 8.26 8.26 8.26 8.26 8.26 8.26
 8.26 8.26 8.60 8.28 7.84 8.79 9.73 9.16 8.34 8.23 8.14 8.20 8.25 8.26 8.26 8.26 8.26 8.26 8.26
 8.26 8.26 8.44 8.14 7.69 8.46 9.25 9.00 8.73 8.60 8.65 8.45 8.26 8.26 8.26 8.26 8.26 8.26 8.26
 8.26 8.26 8.27 8.07 7.85 8.00 8.17 8.75 8.99 9.20 9.18 8.70 8.26 8.26 8.26 8.26 8.26 8.26 8.26
 8.26 8.26 8.27 8.16 8.06 8.16 8.33 8.41 8.44 8.55 8.63 8.44 8.26 8.26 8.26 8.26 8.26 8.26 8.26
 8.26 8.26 8.26 8.26 8.26 8.30 8.35 8.01 7.73 7.97 8.09 8.19 8.26 8.26 8.26 8.26 8.26 8.26 8.26
 8.26 8.26 8.26 8.26 8.26 8.26 8.26 8.25 8.24 8.24 8.25 8.26 8.26 8.26 8.26 8.26 8.26 8.26 8.26
 8.26 8.26 8.26 8.26 8.26 8.26 8.26 8.26 8.26 8.26 8.26 8.26 8.26 8.26 8.26 8.26 8.26 8.26 8.26
 8.26 8.26 8.26 8.26 8.26 8.26 8.26 8.26 8.26 8.26 8.26 8.26 8.26 8.26 8.26 8.26 8.26 8.26 8.26
 8.26 8.26 8.26 8.26 8.26 8.26 8.26 8.26 8.26 8.26 8.26 8.26 8.26 8.26 8.26 8.26 8.26 8.26 8.26
 8.26 8.26 8.26 8.26 8.26 8.26 8.26 8.26 8.26 8.26 8.26 8.26 8.26 8.26 8.26 8.26 8.26 8.26 8.26
 8.26 8.26 8.26 8.26 8.26 8.26 8.26 8.26 8.26 8.26 8.26 8.26 8.26 8.26 8.26 8.26 8.26 8.26 8.26
 8.26 8.26 8.26 8.26 8.26 8.26 8.26 8.26 8.26 8.26 8.26 8.26 8.26 8.26 8.26 8.26 8.26 8.26 8.26
 8.26 8.26 8.26 8.26 8.26 8.26 8.26 8.26 8.26 8.26 8.26 8.26 8.26 8.26 8.26 8.26 8.26 8.26 8.26
 8.26 8.26 8.26 8.26 8.26 8.26 8.26 8.26 8.26 8.26 8.26 8.26 8.26 8.26 8.26 8.26 8.26 8.26 8.26
 8.26 8.26 8.26 8.26 8.26 8.26 8.26 8.26 8.26 8.26 8.26 8.26 8.26 8.26 8.26 8.26 8.26 8.26 8.26
 8.26 8.26 8.26 8.26 8.26 8.26 8.26 8.26 8.26 8.26 8.26 8.26 8.26 8.26 8.26 8.26 8.26 8.26 8.26
 8.26 8.26 8.26 8.27 8.27 8.27 8.26 8.26 8.26 8.26 8.26 8.26 8.26 8.26 8.26 8.26 8.26 8.26 8.26
 8.26 8.26 8.26 8.27 8.29 8.27 8.26 8.26 8.26 8.26 8.26 8.26 8.26 8.26 8.26 8.26 8.26 8.26 8.26
 8.26 8.26 8.26 8.31 8.36 8.29 8.22 8.23 8.25 8.26 8.26 8.26 8.26 8.26 8.26 8.26 8.26 8.26 8.26
 8.26 8.26 8.26 8.35 8.46 8.29 8.18 8.21 8.24 8.25 8.26 8.26 8.26 8.26 8.26 8.26 8.26 8.26 8.26
 8.26 8.26 8.26 8.30 8.31 8.24 8.10 8.14 8.18 8.22 8.26 8.26 8.26 8.26 8.26 8.26 8.26 8.26 8.26
 8.26 8.26 8.26 8.24 8.23 8.15 8.03 8.08 8.05 8.18 8.26 8.26 8.26 8.26 8.26 8.26 8.26 8.26 8.26
 8.26 8.26 8.26 8.25 8.24 8.23 8.24 8.17 8.10 8.19 8.26 8.26 8.26 8.26 8.26 8.26 8.26 8.26 8.26
 8.26 8.26 8.26 8.26 8.26 8.31 8.40 8.24 8.11 8.19 8.26 8.26 8.26 8.26 8.26 8.26 8.26 8.26 8.26
 8.26 8.26 8.26 8.26 8.26 8.26 8.26 8.26 8.26 8.26 8.26 8.26 8.26 8.26 8.26 8.26 8.26 8.26 8.26
 8.26 8.26 8.26 8.26 8.26 8.26 8.26 8.26 8.26 8.26 8.26 8.26 8.26 8.26 8.26 8.26 8.26 8.26 8.26
 8.26 8.26 8.26 8.26 8.26 8.26 8.26 8.26 8.26 8.26 8.26 8.26 8.26 8.26 8.26 8.26 8.26 8.26 8.26
 8.26 8.26 8.26 8.26 8.26 8.26 8.26 8.26 8.26 8.26 8.26 8.26 8.26 8.26 8.26 8.26 8.26 8.26 8.26
10.3010.3010.3010.3010.3010.3010.3010.3010.3010.3010.3010.3010.3010.3010.3010.3010.3010.3010.30
10.3010.3010.3010.3010.3010.3010.3010.3010.3010.3010.3010.3010.3010.3010.3010.3010.3010.3010.30
10.3010.3010.3010.3010.3010.3010.3010.3010.3010.3010.3010.3010.3010.3010.3010.3010.3010.3010.30
10.3010.3010.3010.3010.3010.3010.3010.3010.3010.3010.3010.3010.3010.3010.3010.3010.3010.3010.30
10.3010.3010.3010.3010.3010.3010.3010.3010.3010.3010.3010.3010.3010.3010.3010.3010.3010.3010.30
10.3010.3010.3010.3010.3010.3010.3010.3010.3010.3010.3010.3010.3010.3010.3010.3010.3010.3010.30
10.3010.3010.3010.3010.3010.3010.3010.3010.3010.3010.3010.3010.3010.3010.3010.3010.3010.3010.30
10.3010.3010.3010.3010.3010.3010.3010.3010.3010.3010.3010.3010.3010.3010.3010.3010.3010.3010.30
10.3010.3010.3010.3010.3010.3010.3010.3010.3010.3010.3010.3010.3010.3010.3010.3010.3010.3010.30
10.3010.3010.3010.3010.3010.3010.3010.3010.3010.3010.3010.3010.3010.3010.3010.3010.3010.3010.30
10.3010.3010.3010.3010.3010.3010.3010.3010.3010.3010.3010.3010.3010.3010.3010.3010.3010.3010.30
10.3010.3010.3010.3010.3010.3010.3010.3010.3010.3010.3010.3010.3010.3010.3010.3010.3010.3010.30
10.3010.3010.3010.3010.3010.3010.3010.3010.3010.3010.3010.3010.3010.3010.3010.3010.3010.3010.30
10.3010.3010.3010.3010.3010.3010.3010.3010.3010.3010.3010.3010.3010.3010.3010.3010.3010.3010.30
10.3010.3010.3010.3010.3010.3010.3010.3010.3010.3010.3010.3010.3010.3010.3010.3010.3010.3010.30
10.3010.3010.3010.3010.3010.3010.3010.3010.3010.3010.3010.3010.3010.3010.3010.3010.3010.3010.30
10.3010.3010.3010.3010.3010.3010.3010.3010.3010.3010.3010.3010.3010.3010.3010.3010.3010.3010.30
10.3010.3010.3010.3010.3010.3010.3010.3010.3010.3010.3010.3010.3010.3010.3010.3010.3010.3010.30
10.3010.3010.3010.3010.3010.3010.3010.3010.3010.3010.3010.3010.3010.3010.3010.3010.3010.3010.30
 1.69 1.69 1.69 1.69 1.69 1.69 1.69 1.69 1.69 1.69 1.69 1.69 1.69 1.69 1.69 1.69 1.69 1.69 1.69
 1.69 1.69 1.69 1.69 1.69 1.69 1.69 1.69 1.69 1.69 1.69 1.69 1.69 1.69 1.69 1.69 1.69 1.69 1.69
 1.69 1.69 1.69 1.69 1.69 1.69 1.69 1.69 1.69 1.69 1.69 1.69 1.69 1.69 1.69 1.69 1.69 1.69 1.69
 1.69 1.69 1.69 1.69 1.69 1.69 1.69 1.69 1.69 1.69 1.69 1.69 1.69 1.69 1.69 1.69 1.69 1.69 1.69
 1.69 1.69 1.69 1.69 1.69 1.69 1.69 1.69 1.69 1.69 1.69 1.69 1.69 1.69 1.69 1.69 1.69 1.69 1.69
 1.69 1.69 1.69 1.69 1.69 1.69 1.69 1.69 1.69 1.69 1.69 1.69 1.69 1.69 1.69 1.69 1.69 1.69 1.69
 1.69 1.69 1.69 1.69 1.69 1.69 1.69 1.69 1.69 1.69 1.69 1.69 1.69 1.69 1.69 1.69 1.69 1.69 1.69
 1.69 1.69 1.69 1.69 1.69 1.69 1.69 1.69 1.69 1.69 1.69 1.69 1.69 1.69 1.69 1.69 1.69 1.69 1.69
 1.69 1.69 1.69 1.69 1.69 1.69 1.69 1.69 1.69 1.69 1.69 1.69 1.69 1.69 1.69 1.69 1.69 1.69 1.69
 1.69 1.69 1.69 1.69 1.69 1.69 1.69 1.69 1.69 1.69 1.69 1.69 1.69 1.69 1.69 1.69 1.69 1.69 1.69
 1.69 1.69 1.69 1.69 1.69 1.69 1.69 1.69 1.69 1.69 1.69 1.69 1.69 1.69 1.69 1.69 1.69 1.69 1.69
 1.69 1.69 1.69 1.69 1.69 1.69 1.69 1.69 1.69 1.69 1.69 1.69 1.69 1.69 1.69 1.69 1.69 1.69 1.69
 1.69 1.69 1.69 1.69 1.69 1.69 1.69 1.69 1.69 1.69 1.69 1.69 1.69 1.69 1.69 1.69 1.69 1.69 1.69
 1.69 1.69 1.69 1.69 1.69 1.69 1.69 1.69 1.69 1.69 1.69 1.69 1.69 1.69 1.69 1.69 1.69 1.69 1.69
 1.69 1.69 1.69 1.69 1.69 1.69 1.69 1.69 1.69 1.69 1.69 1.69 1.69 1.69 1.69 1.69 1.69 1.69 1.69
 1.69 1.69 1.69 1.69 1.69 1.69 1.69 1.69 1.69 1.69 1.69 1.69 1.69 1.69 1.69 1.69 1.69 1.69 1.69
 1.69 1.69 1.69 1.69 1.69 1.69 1.69 1.69 1.69 1.69 1.69 1.69 1.69 1.69 1.69 1.69 1.69 1.69 1.69
 1.69 1.69 1.69 1.69 1.69 1.69 1.69 1.69 1.69 1.69 1.69 1.69 1.69 1.69 1.69 1.69 1.69 1.69 1.69
 1.69 1.69 1.69 1.69 1.69 1.69 1.69 1.69 1.69 1.69 1.69 1.69 1.69 1.69 1.69 1.69 1.69 1.69 1.69
 3.01 3.01 3.01 3.01 3.01 3.01 3.01 3.01 3.01 3.01 3.01 3.01 3.01 3.01 3.01 3.01 3.01 3.01 3.01
 3.01 3.01 3.01 3.01 3.01 3.01 3.01 3.01 3.01 3.01 3.01 3.01 3.01 3.01 3.01 3.01 3.01 3.01 3.01
 3.01 3.01 3.01 3.01 3.01 3.01 3.01 3.01 3.01 3.01 3.01 3.01 3.01 3.01 3.01 3.01 3.01 3.01 3.01
 3.01 3.01 3.01 3.04 3.10 2.99 2.96 2.98 3.01 3.01 3.01 3.01 3.01 3.00 3.01 3.01 3.01 3.01 3.01
 3.01 3.01 3.01 3.02 3.01 3.04 3.17 3.04 2.96 2.95 2.88 2.90 2.85 2.97 3.00 3.01 3.01 3.01 3.01
 3.01 3.01 2.99 3.02 3.09 3.06 3.06 3.03 2.89 2.91 2.85 2.87 2.87 2.90 3.01 3.01 3.01 3.01 3.01
 3.01 3.01 2.98 3.00 3.11 3.03 3.00 2.97 2.95 2.95 2.81 2.87 2.85 2.84 3.02 3.01 3.01 3.01 3.01
 3.01 3.01 2.99 3.03 3.11 3.00 2.90 3.00 3.07 2.87 2.71 2.82 2.89 2.86 3.01 3.01 3.01 3.01 3.01
 3.01 3.01 3.01 3.05 3.09 3.00 2.86 2.93 2.95 2.81 2.67 2.85 2.92 2.87 3.01 3.01 3.01 3.01 3.01
 3.01 3.01 3.00 3.00 3.01 2.96 2.88 2.99 3.17 3.04 2.94 3.05 3.06 2.94 3.01 3.01 3.01 3.01 3.01
 3.01 3.01 2.99 2.95 2.92 2.93 2.91 3.07 3.27 3.27 3.28 3.21 3.23 3.02 3.01 3.01 3.01 3.01 3.01
 3.01 3.01 3.00 2.96 2.93 2.95 2.96 3.06 3.11 3.09 3.05 3.05 3.09 3.00 3.01 3.01 3.01 3.01 3.01
 3.01 3.01 3.01 2.98 2.94 2.92 2.90 2.95 2.96 2.94 2.92 2.93 2.96 3.00 3.01 3.01 3.01 3.01 3.01
 3.01 3.01 3.01 2.99 2.98 2.99 2.97 2.97 3.01 3.03 3.04 3.00 2.99 3.00 3.01 3.01 3.01 3.01 3.01
 3.01 3.01 3.01 3.01 3.01 3.01 3.01 3.01 3.02 3.10 3.17 3.10 3.02 3.01 3.01 3.01 3.01 3.01 3.01
 3.01 3.01 3.01 3.01 3.01 3.01 3.01 3.02 3.03 3.03 3.03 3.02 3.01 3.01 3.01 3.01 3.01 3.01 3.01
 3.01 3.01 3.01 3.01 3.01 3.01 3.01 3.01 3.01 3.01 3.01 3.01 3.01 3.01 3.01 3.01 3.01 3.01 3.01
 3.01 3.01 3.01 3.01 3.01 3.01 3.01 3.01 3.01 3.01 3.01 3.01 3.01 3.01 3.01 3.01 3.01 3.01 3.01
 3.01 3.01 3.01 3.01 3.01 3.01 3.01 3.01 3.01 3.01 3.01 3.01 3.01 3.01 3.01 3.01 3.01 3.01 3.01
 3.44 3.44 3.44 3.44 3.44 3.44 3.44 3.44 3.44 3.44 3.44 3.44 3.44 3.44 3.44 3.44 3.44 3.44 3.44
 3.44 3.44 3.44 3.44 3.44 3.44 3.44 3.44 3.44 3.44 3.44 3.44 3.44 3.44 3.44 3.44 3.44 3.44 3.44
 3.44 3.44 3.44 3.44 3.44 3.44 3.44 3.44 3.44 3.44 3.44 3.44 3.44 3.44 3.47 3.44 3.44 3.44 3.44
 3.44 3.44 3.44 3.45 3.48 3.37 3.33 3.39 3.44 3.48 3.52 3.58 3.60 3.43 3.59 3.52 3.44 3.44 3.44
 3.44 3.44 3.37 3.52 3.60 3.56 3.31 3.49 3.52 3.15 2.70 2.81 2.79 3.15 3.38 3.66 3.44 3.44 3.44
 3.44 3.44 3.39 3.44 3.44 3.42 3.35 3.80 3.62 3.34 3.06 3.12 3.08 3.15 3.55 3.57 3.44 3.44 3.44
 3.44 3.44 3.42 3.47 3.36 3.51 3.52 3.49 3.49 3.68 3.49 3.49 3.41 3.08 3.60 3.45 3.44 3.44 3.44
 3.44 3.44 3.41 3.45 3.54 3.84 3.48 3.44 3.42 3.56 3.65 3.61 3.33 3.10 3.52 3.44 3.44 3.44 3.44
 3.44 3.44 3.41 3.54 3.67 3.65 3.45 3.60 3.59 3.66 3.72 3.46 3.30 3.05 3.44 3.44 3.44 3.44 3.44
 3.44 3.44 3.50 3.50 3.50 3.57 3.70 3.36 3.37 3.50 3.64 3.60 3.36 3.22 3.44 3.44 3.44 3.44 3.44
 3.44 3.44 3.58 3.47 3.31 3.41 3.35 3.52 3.37 3.49 3.52 3.47 3.60 3.48 3.44 3.44 3.44 3.44 3.44
 3.44 3.44 3.50 3.46 3.48 3.43 3.35 3.53 3.39 3.42 3.53 3.41 3.40 3.42 3.44 3.44 3.44 3.44 3.44
 3.44 3.44 3.41 3.49 3.57 3.47 3.34 3.31 3.37 3.48 3.53 3.43 3.41 3.44 3.44 3.44 3.44 3.44 3.44
 3.44 3.44 3.42 3.46 3.50 3.41 3.34 3.37 3.34 3.43 3.47 3.46 3.47 3.44 3.44 3.44 3.44 3.44 3.44
 3.44 3.44 3.44 3.44 3.44 3.34 3.24 3.35 3.40 3.46 3.56 3.54 3.51 3.44 3.44 3.44 3.44 3.44 3.44
 3.44 3.44 3.44 3.44 3.44 3.44 3.44 3.53 3.63 3.53 3.38 3.44 3.47 3.44 3.44 3.44 3.44 3.44 3.44
 3.44 3.44 3.44 3.44 3.44 3.44 3.44 3.44 3.44 3.44 3.44 3.44 3.44 3.44 3.44 3.44 3.44 3.44 3.44
 3.44 3.44 3.44 3.44 3.44 3.44 3.44 3.44 3.44 3.44 3.44 3.44 3.44 3.44 3.44 3.44 3.44 3.44 3.44
 3.44 3.44 3.44 3.44 3.44 3.44 3.44 3.44 3.44 3.44 3.44 3.44 3.44 3.44 3.44 3.44 3.44 3.44 3.44
 3.44 3.44 3.44 3.44 3.44 3.44 3.44 3.44 3.44 3.44 3.44 3.44 3.44 3.44 3.44 3.44 3.44 3.44 3.44
 3.44 3.44 3.44 3.44 3.44 3.44 3.44 3.44 3.44 3.44 3.44 3.44 3.44 3.44 3.44 3.44 3.44 3.44 3.44
 3.44 3.44 3.44 3.44 3.44 3.44 3.44 3.44 3.44 3.44 3.44 3.44 3.44 3.44 3.44 3.44 3.44 3.44 3.44
 3.44 3.44 3.44 3.26 3.07 3.23 3.52 3.46 3.44 3.60 3.78 3.62 3.47 3.41 3.67 3.48 3.44 3.44 3.44
 3.44 3.44 3.48 3.44 3.46 3.54 3.64 3.34 3.20 3.13 3.10 3.28 3.47 3.14 3.57 3.72 3.44 3.44 3.44
 3.44 3.44 3.50 3.45 3.32 3.50 3.75 3.55 3.51 3.20 3.19 3.17 3.15 3.24 3.63 3.60 3.44 3.44 3.44
 3.44 3.44 3.51 3.50 3.33 3.53 3.44 3.42 3.52 3.42 3.25 2.99 2.87 3.24 3.64 3.46 3.44 3.44 3.44
 3.44 3.44 3.43 3.33 3.13 3.28 3.56 3.46 3.34 3.27 3.26 3.31 3.09 3.11 3.55 3.45 3.44 3.44 3.44
 3.44 3.44 3.35 3.27 3.23 3.23 3.35 3.27 3.16 3.13 3.03 3.46 3.62 3.00 3.48 3.44 3.44 3.44 3.44
 3.44 3.44 3.54 3.38 3.22 3.29 3.48 3.48 3.32 3.18 3.08 3.22 3.43 3.18 3.46 3.44 3.44 3.44 3.44
 3.44 3.44 3.74 3.51 3.21 3.31 3.24 3.49 3.48 3.40 3.10 3.09 3.23 3.45 3.44 3.44 3.44 3.44 3.44
 3.44 3.44 3.58 3.42 3.28 3.31 3.41 3.31 3.56 3.29 3.26 3.28 3.22 3.43 3.44 3.44 3.44 3.44 3.44
 3.44 3.44 3.44 3.39 3.37 3.45 3.48 3.40 3.55 3.51 3.34 3.41 3.45 3.44 3.44 3.44 3.44 3.44 3.44
 3.44 3.44 3.44 3.41 3.39 3.44 3.54 3.39 3.35 3.41 3.36 3.49 3.56 3.44 3.44 3.44 3.44 3.44 3.44
 3.44 3.44 3.44 3.43 3.43 3.46 3.50 3.46 3.34 3.41 3.51 3.61 3.64 3.44 3.44 3.44 3.44 3.44 3.44
 3.44 3.44 3.44 3.44 3.44 3.44 3.44 3.42 3.40 3.33 3.26 3.40 3.47 3.44 3.44 3.44 3.44 3.44 3.44
 3.44 3.44 3.44 3.44 3.44 3.44 3.44 3.44 3.44 3.44 3.44 3.44 3.44 3.44 3.44 3.44 3.44 3.44 3.44
 3.44 3.44 3.44 3.44 3.44 3.44 3.44 3.44 3.44 3.44 3.44 3.44 3.44 3.44 3.44 3.44 3.44 3.44 3.44
 3.44 3.44 3.44 3.44 3.44 3.44 3.44 3.44 3.44 3.44 3.44 3.44 3.44 3.44 3.44 3.44 3.44 3.44 3.44
 3.53 3.53 3.53 3.53 3.53 3.53 3.53 3.53 3.53 3.53 3.53 3.53 3.53 3.53 3.53 3.53 3.53 3.53 3.53
 3.53 3.53 3.53 3.53 3.53 3.53 3.53 3.53 3.53 3.53 3.53 3.53 3.53 3.53 3.53 3.53 3.53 3.53 3.53
 3.53 3.53 3.53 3.53 3.53 3.53 3.53 3.53 3.53 3.53 3.53 3.53 3.53 3.53 3.53 3.53 3.53 3.53 3.53
 3.53 3.53 3.53 3.42 3.29 3.19 3.17 3.45 3.69 3.79 3.83 3.64 3.47 3.48 3.60 3.53 3.53 3.53 3.53
 3.53 3.53 3.54 3.39 3.20 3.06 2.90 2.98 3.16 3.43 3.71 3.79 4.06 3.29 4.18 3.69 3.53 3.53 3.53
 3.53 3.53 3.54 3.42 3.18 3.28 3.18 3.16 3.52 3.45 3.58 3.37 3.43 3.30 3.82 3.62 3.53 3.53 3.53
 3.53 3.53 3.54 3.46 3.28 3.41 3.43 3.44 3.36 3.51 3.21 3.06 3.04 3.30 3.55 3.57 3.53 3.53 3.53
 3.53 3.53 3.50 3.51 3.47 3.32 3.34 3.59 3.74 3.54 3.58 3.36 3.12 3.15 3.68 3.55 3.53 3.53 3.53
 3.53 3.53 3.45 3.56 3.70 3.52 3.20 3.41 3.80 3.69 3.67 3.63 3.38 2.99 3.72 3.53 3.53 3.53 3.53
 3.53 3.53 3.63 3.71 3.83 3.71 3.55 3.48 3.50 3.55 3.66 3.42 3.44 3.14 3.62 3.53 3.53 3.53 3.53
 3.53 3.53 3.81 3.88 3.93 3.76 3.56 3.55 3.39 3.65 3.61 3.55 3.38 3.41 3.53 3.53 3.53 3.53 3.53
 3.53 3.53 3.67 3.67 3.70 3.70 3.84 3.61 3.43 3.43 3.47 3.54 3.34 3.47 3.53 3.53 3.53 3.53 3.53
 3.53 3.53 3.53 3.52 3.51 3.71 3.95 3.58 3.39 3.40 3.29 3.37 3.47 3.53 3.53 3.53 3.53 3.53 3.53
 3.53 3.53 3.53 3.52 3.52 3.58 3.66 3.44 3.24 3.32 3.54 3.63 3.59 3.53 3.53 3.53 3.53 3.53 3.53
 3.53 3.53 3.53 3.53 3.53 3.49 3.45 3.28 3.11 3.42 3.74 3.71 3.69 3.53 3.53 3.53 3.53 3.53 3.53
 3.53 3.53 3.53 3.53 3.53 3.53 3.53 3.49 3.46 3.38 3.32 3.44 3.53 3.53 3.53 3.53 3.53 3.53 3.53
 3.53 3.53 3.53 3.53 3.53 3.53 3.53 3.53 3.53 3.53 3.53 3.53 3.53 3.53 3.53 3.53 3.53 3.53 3.53
 3.53 3.53 3.53 3.53 3.53 3.53 3.53 3.53 3.53 3.53 3.53 3.53 3.53 3.53 3.53 3.53 3.53 3.53 3.53
 3.53 3.53 3.53 3.53 3.53 3.53 3.53 3.53 3.53 3.53 3.53 3.53 3.53 3.53 3.53 3.53 3.53 3.53 3.53
 3.63 3.63 3.63 3.63 3.63 3.63 3.63 3.63 3.63 3.63 3.63 3.63 3.63 3.63 3.63 3.63 3.63 3.63 3.63
 3.63 3.63 3.63 3.63 3.63 3.63 3.63 3.63 3.63 3.63 3.63 3.63 3.63 3.63 3.63 3.63 3.63 3.63 3.63
 3.63 3.63 3.63 3.63 3.63 3.63 3.63 3.63 3.63 3.63 3.63 3.63 3.63 3.63 3.63 3.63 3.63 3.63 3.63
 3.63 3.63 3.63 3.60 3.56 3.59 3.58 4.01 4.42 3.99 3.60 3.60 3.59 3.60 3.63 3.63 3.63 3.63 3.63
 3.63 3.63 3.57 3.70 3.79 3.64 3.40 3.52 3.68 3.65 3.48 3.67 4.02 3.83 4.25 3.67 3.63 3.63 3.63
 3.63 3.63 3.56 3.62 3.70 3.67 3.46 3.43 3.52 3.36 3.19 3.42 3.62 3.58 3.92 3.68 3.63 3.63 3.63
 3.63 3.63 3.55 3.59 3.53 3.67 3.80 3.43 3.16 2.95 2.87 3.16 3.39 3.36 3.57 3.69 3.63 3.63 3.63
 3.63 3.63 3.58 3.61 3.58 3.66 3.62 3.49 3.29 3.28 3.04 3.14 3.29 3.35 3.73 3.66 3.63 3.63 3.63
 3.63 3.63 3.60 3.59 3.51 3.62 3.58 3.38 3.40 3.52 3.39 3.18 2.95 3.14 3.74 3.63 3.63 3.63 3.63
 3.63 3.63 3.74 3.69 3.67 3.63 3.54 3.58 3.58 3.45 3.73 3.33 3.18 3.30 3.70 3.63 3.63 3.63 3.63
 3.63 3.63 3.87 3.83 3.75 3.61 3.45 3.45 3.46 3.66 3.49 3.40 3.28 3.44 3.63 3.63 3.63 3.63 3.63
 3.63 3.63 3.75 3.69 3.62 3.66 3.69 3.59 3.46 3.57 3.56 3.50 3.38 3.63 3.63 3.63 3.63 3.63 3.63
 3.63 3.63 3.63 3.59 3.56 3.72 3.91 3.62 3.42 3.41 3.40 3.55 3.63 3.76 3.63 3.63 3.63 3.63 3.63
 3.63 3.63 3.63 3.61 3.59 3.65 3.71 3.55 3.41 3.47 3.62 3.67 3.68 3.69 3.63 3.63 3.63 3.63 3.63
 3.63 3.63 3.63 3.63 3.63 3.58 3.53 3.47 3.40 3.63 3.78 3.73 3.74 3.63 3.63 3.63 3.63 3.63 3.63
 3.63 3.63 3.63 3.63 3.63 3.63 3.63 3.59 3.56 3.45 3.40 3.53 3.63 3.63 3.63 3.63 3.63 3.63 3.63
 3.63 3.63 3.63 3.63 3.63 3.63 3.63 3.63 3.63 3.63 3.63 3.63 3.63 3.63 3.63 3.63 3.63 3.63 3.63
 3.63 3.63 3.63 3.63 3.63 3.63 3.63 3.63 3.63 3.63 3.63 3.63 3.63 3.63 3.63 3.63 3.63 3.63 3.63
 3.63 3.63 3.63 3.63 3.63 3.63 3.63 3.63 3.63 3.63 3.63 3.63 3.63 3.63 3.63 3.63 3.63 3.63 3.63
 3.78 3.78 3.78 3.78 3.78 3.78 3.78 3.78 3.78 3.78 3.78 3.78 3.78 3.78 3.78 3.78 3.78 3.78 3.78
 3.78 3.78 3.78 3.78 3.78 3.78 3.78 3.78 3.78 3.78 3.78 3.78 3.78 3.78 3.78 3.78 3.78 3.78 3.78
 3.78 3.78 3.78 3.78 3.78 3.78 3.78 3.78 3.78 3.78 3.78 3.78 3.78 3.78 3.78 3.78 3.78 3.78 3.78
 3.78 3.78 3.78 3.78 3.78 3.80 3.77 3.78 3.73 3.73 3.73 3.73 3.73 3.76 3.78 3.78 3.78 3.78 3.78
 3.78 3.78 3.80 3.85 3.80 3.60 3.31 3.37 3.36 3.85 4.25 4.15 4.06 4.48 4.01 3.78 3.78 3.78 3.78
 3.78 3.78 3.80 3.85 3.87 3.82 3.70 3.51 3.49 3.95 4.20 4.32 4.20 4.29 3.94 3.79 3.78 3.78 3.78
 3.78 3.78 3.80 3.89 3.81 3.66 3.76 3.50 3.43 3.85 4.00 4.32 4.24 4.00 3.81 3.80 3.78 3.78 3.78
 3.78 3.78 3.80 3.76 3.66 3.74 3.80 3.75 3.62 3.65 3.77 3.73 3.83 4.14 3.78 3.79 3.78 3.78 3.78
 3.78 3.78 3.79 3.62 3.35 3.62 3.69 3.67 3.59 3.47 3.39 3.35 3.08 4.13 3.71 3.78 3.78 3.78 3.78
 3.78 3.78 3.91 3.81 3.73 3.68 3.61 3.63 3.54 3.51 3.46 3.30 3.34 4.24 3.77 3.78 3.78 3.78 3.78
 3.78 3.78 4.03 4.03 4.07 3.69 3.42 3.47 3.54 3.49 3.46 3.42 3.48 4.49 3.78 3.78 3.78 3.78 3.78
 3.78 3.78 3.90 3.88 3.87 3.74 3.64 3.56 3.46 3.56 3.60 3.46 3.44 4.15 3.78 3.78 3.78 3.78 3.78
 3.78 3.78 3.78 3.76 3.75 3.78 3.83 3.62 3.46 3.57 3.63 3.54 3.45 3.79 3.78 3.78 3.78 3.78 3.78
 3.78 3.78 3.78 3.77 3.76 3.75 3.73 3.60 3.60 3.73 3.76 3.73 3.71 3.78 3.78 3.78 3.78 3.78 3.78
 3.78 3.78 3.78 3.78 3.78 3.71 3.63 3.61 3.57 3.61 3.77 3.85 3.91 3.78 3.78 3.78 3.78 3.78 3.78
 3.78 3.78 3.78 3.78 3.78 3.78 3.78 3.74 3.69 3.62 3.57 3.69 3.79 3.78 3.78 3.78 3.78 3.78 3.78
 3.78 3.78 3.78 3.78 3.78 3.78 3.78 3.78 3.78 3.78 3.78 3.78 3.78 3.78 3.78 3.78 3.78 3.78 3.78
 3.78 3.78 3.78 3.78 3.78 3.78 3.78 3.78 3.78 3.78 3.78 3.78 3.78 3.78 3.78 3.78 3.78 3.78 3.78
 3.78 3.78 3.78 3.78 3.78 3.78 3.78 3.78 3.78 3.78 3.78 3.78 3.78 3.78 3.78 3.78 3.78 3.78 3.78
 3.94 3.94 3.94 3.94 3.94 3.94 3.94 3.94 3.94 3.94 3.94 3.94 3.94 3.94 3.94 3.94 3.94 3.94 3.94
 3.94 3.94 3.94 3.94 3.94 3.94 3.94 3.94 3.94 3.94 3.94 3.94 3.94 3.94 3.94 3.94 3.94 3.94 3.94
 3.94 3.94 3.94 3.94 3.94 3.94 3.94 3.94 3.94 3.94 3.94 3.94 3.94 3.94 3.94 3.94 3.94 3.94 3.94
 3.94 3.94 3.94 3.94 3.95 3.95 3.93 3.90 3.87 3.87 3.88 3.89 3.91 3.94 3.94 3.94 3.94 3.94 3.94
 3.94 3.94 3.96 3.97 3.95 4.13 4.24 3.84 3.62 4.04 4.45 4.35 4.15 4.26 3.99 3.94 3.94 3.94 3.94
 3.94 3.94 3.91 3.86 3.77 3.96 3.98 4.11 4.05 4.39 4.65 4.45 4.33 4.24 4.04 3.94 3.94 3.94 3.94
 3.94 3.94 3.87 3.80 3.64 3.68 3.74 3.81 3.97 4.30 4.68 4.60 4.58 4.21 4.08 3.94 3.94 3.94 3.94
 3.94 3.94 3.92 3.87 3.76 3.69 3.51 3.76 3.87 3.99 4.10 4.54 4.66 4.17 4.09 3.94 3.94 3.94 3.94
 3.94 3.94 3.97 3.91 3.82 3.70 3.52 3.73 3.94 3.79 3.56 4.29 4.70 4.49 4.09 3.94 3.94 3.94 3.94
 3.94 3.94 4.08 4.02 3.95 3.73 3.53 3.74 3.85 3.70 3.77 4.15 4.55 4.20 4.00 3.94 3.94 3.94 3.94
 3.94 3.94 4.19 4.17 4.18 3.82 3.56 3.62 3.68 3.81 3.86 3.91 4.08 4.04 3.94 3.94 3.94 3.94 3.94
 3.94 3.94 4.06 4.06 4.09 3.81 3.64 3.80 3.97 3.85 3.78 3.76 3.85 3.98 3.94 3.94 3.94 3.94 3.94
 3.94 3.94 3.94 3.98 4.02 3.84 3.70 3.82 4.19 3.82 3.52 3.58 3.67 3.94 3.94 3.94 3.94 3.94 3.94
 3.94 3.94 3.94 3.96 3.98 3.85 3.73 3.78 3.98 3.83 3.62 3.78 3.89 3.94 3.94 3.94 3.94 3.94 3.94
 3.94 3.94 3.94 3.94 3.94 3.86 3.78 3.72 3.63 3.62 3.65 3.93 4.09 3.94 3.94 3.94 3.94 3.94 3.94
 3.94 3.94 3.94 3.94 3.94 3.94 3.94 3.91 3.85 3.83 3.80 3.88 3.96 3.94 3.94 3.94 3.94 3.94 3.94
 3.94 3.94 3.94 3.94 3.94 3.94 3.94 3.94 3.94 3.94 3.94 3.94 3.94 3.94 3.94 3.94 3.94 3.94 3.94
 3.94 3.94 3.94 3.94 3.94 3.94 3.94 3.94 3.94 3.94 3.94 3.94 3.94 3.94 3.94 3.94 3.94 3.94 3.94
 3.94 3.94 3.94 3.94 3.94 3.94 3.94 3.94 3.94 3.94 3.94 3.94 3.94 3.94 3.94 3.94 3.94 3.94 3.94
 4.15 4.15 4.15 4.15 4.15 4.15 4.15 4.15 4.15 4.15 4.15 4.15 4.15 4.15 4.15 4.15 4.15 4.15 4.15
 4.15 4.15 4.15 4.15 4.15 4.15 4.15 4.15 4.15 4.15 4.15 4.15 4.15 4.15 4.15 4.15 4.15 4.15 4.15
 4.15 4.15 4.15 4.15 4.15 4.15 4.15 4.15 4.15 4.15 4.15 4.15 4.15 4.15 4.15 4.15 4.15 4.15 4.15
 4.15 4.15 4.15 4.15 4.15 4.15 4.15 4.15 4.15 4.15 4.15 4.15 4.15 4.15 4.15 4.15 4.15 4.15 4.15
 4.15 4.15 4.16 4.23 4.26 4.13 3.97 3.96 3.94 4.07 4.24 4.23 4.23 4.26 4.15 4.15 4.15 4.15 4.15
 4.15 4.15 4.12 4.14 4.13 4.08 3.99 4.12 4.11 4.26 4.42 4.33 4.29 4.37 4.16 4.15 4.15 4.15 4.15
 4.15 4.15 4.09 4.07 4.02 4.15 4.30 4.23 4.43 4.54 4.62 4.43 4.31 4.40 4.17 4.15 4.15 4.15 4.15
 4.15 4.15 4.13 4.14 4.07 3.97 4.23 3.81 4.14 4.53 4.61 4.74 4.77 4.68 4.20 4.15 4.15 4.15 4.15
 4.15 4.15 4.16 4.16 4.19 4.14 4.22 3.92 3.67 4.29 4.41 4.99 5.12 4.98 4.22 4.15 4.15 4.15 4.15
 4.15 4.15 4.28 4.21 4.13 4.09 4.16 4.09 3.93 3.91 4.26 4.42 4.70 4.63 4.19 4.15 4.15 4.15 4.15
 4.15 4.15 4.39 4.29 4.17 4.22 4.28 4.37 4.07 3.73 3.75 3.96 4.23 4.26 4.15 4.15 4.15 4.15 4.15
 4.15 4.15 4.27 4.25 4.28 4.15 4.01 4.14 4.20 3.84 3.89 3.93 4.05 4.21 4.15 4.15 4.15 4.15 4.15
 4.15 4.15 4.15 4.26 4.38 4.03 3.73 3.81 3.96 3.99 3.92 3.92 3.93 4.15 4.15 4.15 4.15 4.15 4.15
 4.15 4.15 4.15 4.21 4.26 4.06 3.84 3.85 3.97 3.98 3.87 4.02 4.12 4.15 4.15 4.15 4.15 4.15 4.15
 4.15 4.15 4.15 4.15 4.15 4.08 4.02 3.92 3.88 3.90 3.85 4.14 4.29 4.15 4.15 4.15 4.15 4.15 4.15
 4.15 4.15 4.15 4.15 4.15 4.15 4.15 4.11 4.06 4.04 4.02 4.10 4.16 4.15 4.15 4.15 4.15 4.15 4.15
 4.15 4.15 4.15 4.15 4.15 4.15 4.15 4.15 4.15 4.15 4.15 4.15 4.15 4.15 4.15 4.15 4.15 4.15 4.15
 4.15 4.15 4.15 4.15 4.15 4.15 4.15 4.15 4.15 4.15 4.15 4.15 4.15 4.15 4.15 4.15 4.15 4.15 4.15
 4.15 4.15 4.15 4.15 4.15 4.15 4.15 4.15 4.15 4.15 4.15 4.15 4.15 4.15 4.15 4.15 4.15 4.15 4.15
 4.24 4.24 4.24 4.24 4.24 4.24 4.24 4.24 4.24 4.24 4.24 4.24 4.24 4.24 4.24 4.24 4.24 4.24 4.24
 4.24 4.24 4.24 4.24 4.24 4.24 4.24 4.24 4.24 4.24 4.24 4.24 4.24 4.24 4.24 4.24 4.24 4.24 4.24
 4.24 4.24 4.24 4.24 4.24 4.24 4.24 4.24 4.24 4.24 4.24 4.24 4.24 4.24 4.24 4.24 4.24 4.24 4.24
 4.24 4.24 4.24 4.24 4.24 4.24 4.24 4.24 4.24 4.24 4.24 4.24 4.24 4.24 4.24 4.24 4.24 4.24 4.24
 4.24 4.24 4.24 4.25 4.25 4.18 4.10 4.17 4.24 4.30 4.35 4.34 4.32 4.24 4.24 4.24 4.24 4.24 4.24
 4.24 4.24 4.26 4.27 4.26 4.18 3.97 4.18 4.32 4.34 4.32 4.38 4.47 4.27 4.24 4.24 4.24 4.24 4.24
 4.24 4.24 4.28 4.28 4.35 4.23 3.95 4.28 4.43 4.35 4.31 4.43 4.49 4.30 4.24 4.24 4.24 4.24 4.24
 4.24 4.24 4.25 4.22 4.13 3.89 3.80 4.17 4.51 4.53 4.54 4.48 4.34 4.38 4.24 4.24 4.24 4.24 4.24
 4.24 4.24 4.22 4.11 3.99 3.74 3.69 4.03 4.33 4.72 4.79 4.73 4.30 4.44 4.24 4.24 4.24 4.24 4.24
 4.24 4.24 4.35 4.16 3.96 3.81 3.76 3.93 4.10 4.37 4.32 4.40 4.51 4.54 4.24 4.24 4.24 4.24 4.24
 4.24 4.24 4.47 4.23 3.95 3.94 3.91 4.20 4.07 3.99 3.73 4.28 4.81 4.63 4.24 4.24 4.24 4.24 4.24
 4.24 4.24 4.35 4.27 4.20 4.11 3.83 3.84 4.04 3.99 4.00 4.32 4.51 4.42 4.24 4.24 4.24 4.24 4.24
 4.24 4.24 4.24 4.34 4.45 4.14 3.76 3.74 3.73 4.19 4.48 4.32 4.18 4.24 4.24 4.24 4.24 4.24 4.24
 4.24 4.24 4.24 4.29 4.34 4.17 3.93 3.89 3.89 4.04 4.10 4.19 4.26 4.24 4.24 4.24 4.24 4.24 4.24
 4.24 4.24 4.24 4.24 4.24 4.22 4.21 4.07 4.00 4.00 3.94 4.18 4.33 4.24 4.24 4.24 4.24 4.24 4.24
 4.24 4.24 4.24 4.24 4.24 4.24 4.24 4.20 4.16 4.15 4.15 4.20 4.24 4.24 4.24 4.24 4.24 4.24 4.24
 4.24 4.24 4.24 4.24 4.24 4.24 4.24 4.24 4.24 4.24 4.24 4.24 4.24 4.24 4.24 4.24 4.24 4.24 4.24
 4.24 4.24 4.24 4.24 4.24 4.24 4.24 4.24 4.24 4.24 4.24 4.24 4.24 4.24 4.24 4.24 4.24 4.24 4.24
 4.24 4.24 4.24 4.24 4.24 4.24 4.24 4.24 4.24 4.24 4.24 4.24 4.24 4.24 4.24 4.24 4.24 4.24 4.24
 4.57 4.57 4.57 4.57 4.57 4.57 4.57 4.57 4.57 4.57 4.57 4.57 4.57 4.57 4.57 4.57 4.57 4.57 4.57
 4.57 4.57 4.57 4.57 4.57 4.57 4.57 4.57 4.57 4.57 4.57 4.57 4.57 4.57 4.57 4.57 4.57 4.57 4.57
 4.57 4.57 4.57 4.57 4.57 4.57 4.57 4.57 4.57 4.57 4.57 4.57 4.57 4.57 4.57 4.57 4.57 4.57 4.57
 4.57 4.57 4.57 4.57 4.57 4.57 4.57 4.57 4.57 4.57 4.57 4.57 4.57 4.57 4.57 4.57 4.57 4.57 4.57
 4.57 4.57 4.57 4.56 4.55 4.55 4.56 4.60 4.64 4.63 4.62 4.60 4.57 4.57 4.57 4.57 4.57 4.57 4.57
 4.57 4.57 4.56 4.52 4.43 4.65 4.84 4.78 4.72 4.74 4.77 4.71 4.60 4.58 4.57 4.57 4.57 4.57 4.57
 4.57 4.57 4.54 4.44 4.42 4.89 5.14 4.97 4.84 4.90 4.94 4.77 4.62 4.58 4.57 4.57 4.57 4.57 4.57
 4.57 4.57 4.45 4.20 4.00 4.41 4.67 4.74 4.74 4.77 4.77 4.66 4.56 4.60 4.57 4.57 4.57 4.57 4.57
 4.57 4.57 4.37 3.91 3.50 3.82 4.05 4.47 4.78 4.64 4.67 4.61 4.52 4.61 4.57 4.57 4.57 4.57 4.57
 4.57 4.57 4.63 4.23 3.73 3.97 4.02 4.13 4.40 4.53 4.77 4.76 4.77 4.70 4.57 4.57 4.57 4.57 4.57
 4.57 4.57 4.89 4.52 4.05 4.04 4.06 3.99 3.93 4.47 4.67 4.88 5.01 4.81 4.57 4.57 4.57 4.57 4.57
 4.57 4.57 4.73 4.56 4.35 4.36 4.14 3.81 4.03 4.07 4.36 4.74 5.02 4.71 4.57 4.57 4.57 4.57 4.57
 4.57 4.57 4.57 4.64 4.72 4.52 4.20 4.06 3.90 3.97 3.93 4.57 4.97 4.60 4.57 4.57 4.57 4.57 4.57
 4.57 4.57 4.57 4.61 4.64 4.55 4.44 4.21 4.08 4.17 4.16 4.37 4.70 4.59 4.57 4.57 4.57 4.57 4.57
 4.57 4.57 4.57 4.57 4.57 4.61 4.65 4.34 4.19 4.20 4.14 4.33 4.47 4.58 4.57 4.57 4.57 4.57 4.57
 4.57 4.57 4.57 4.57 4.57 4.57 4.57 4.54 4.49 4.47 4.47 4.52 4.57 4.57 4.57 4.57 4.57 4.57 4.57
 4.57 4.57 4.57 4.57 4.57 4.57 4.57 4.57 4.57 4.57 4.57 4.57 4.57 4.57 4.57 4.57 4.57 4.57 4.57
 4.57 4.57 4.57 4.57 4.57 4.57 4.57 4.57 4.57 4.57 4.57 4.57 4.57 4.57 4.57 4.57 4.57 4.57 4.57
 4.57 4.57 4.57 4.57 4.57 4.57 4.57 4.57 4.57 4.57 4.57 4.57 4.57 4.57 4.57 4.57 4.57 4.57 4.57
 4.57 4.57 4.57 4.57 4.57 4.57 4.57 4.57 4.57 4.57 4.57 4.57 4.57 4.57 4.57 4.57 4.57 4.57 4.57
 4.57 4.57 4.57 4.57 4.57 4.57 4.57 4.57 4.57 4.57 4.57 4.57 4.57 4.57 4.57 4.57 4.57 4.57 4.57
 4.57 4.57 4.57 4.57 4.57 4.57 4.57 4.57 4.57 4.57 4.57 4.57 4.57 4.57 4.57 4.57 4.57 4.57 4.57
 4.57 4.57 4.57 4.57 4.57 4.57 4.57 4.57 4.57 4.57 4.57 4.57 4.57 4.57 4.57 4.57 4.57 4.57 4.57
 4.57 4.57 4.57 4.57 4.57 4.57 4.57 4.57 4.57 4.57 4.57 4.57 4.57 4.57 4.57 4.57 4.57 4.57 4.57
 4.57 4.57 4.54 4.58 4.62 4.60 4.59 4.58 4.56 4.57 4.57 4.57 4.58 4.57 4.57 4.57 4.57 4.57 4.57
 4.57 4.57 4.51 4.58 4.62 4.64 4.59 4.56 4.55 4.56 4.57 4.57 4.58 4.57 4.57 4.57 4.57 4.57 4.57
 4.57 4.57 4.42 4.40 4.43 4.46 4.42 4.52 4.69 4.59 4.49 4.53 4.58 4.57 4.57 4.57 4.57 4.57 4.57
 4.57 4.57 4.32 4.20 4.26 4.31 4.40 4.56 4.81 4.56 4.38 4.47 4.58 4.57 4.57 4.57 4.57 4.57 4.57
 4.57 4.57 4.65 4.38 3.97 3.98 4.13 4.51 4.72 4.54 4.49 4.52 4.58 4.57 4.57 4.57 4.57 4.57 4.57
 4.57 4.57 4.99 4.54 4.01 4.05 4.16 4.56 4.80 4.69 4.57 4.57 4.56 4.57 4.57 4.57 4.57 4.57 4.57
 4.57 4.57 4.78 4.59 4.35 4.49 4.20 4.14 4.27 4.53 4.63 4.59 4.63 4.57 4.57 4.57 4.57 4.57 4.57
 4.57 4.57 4.57 4.65 4.72 4.57 4.37 4.08 3.99 4.26 4.64 4.74 4.67 4.57 4.57 4.57 4.57 4.57 4.57
 4.57 4.57 4.57 4.61 4.65 4.55 4.38 4.31 4.15 4.25 4.38 4.53 4.64 4.57 4.57 4.57 4.57 4.57 4.57
 4.57 4.57 4.57 4.57 4.57 4.60 4.62 4.34 4.15 4.17 4.05 4.33 4.54 4.57 4.57 4.57 4.57 4.57 4.57
 4.57 4.57 4.57 4.57 4.57 4.57 4.57 4.54 4.47 4.50 4.52 4.54 4.57 4.57 4.57 4.57 4.57 4.57 4.57
 4.57 4.57 4.57 4.57 4.57 4.57 4.57 4.57 4.57 4.57 4.57 4.57 4.57 4.57 4.57 4.57 4.57 4.57 4.57
 4.57 4.57 4.57 4.57 4.57 4.57 4.57 4.57 4.57 4.57 4.57 4.57 4.57 4.57 4.57 4.57 4.57 4.57 4.57
 4.57 4.57 4.57 4.57 4.57 4.57 4.57 4.57 4.57 4.57 4.57 4.57 4.57 4.57 4.57 4.57 4.57 4.57 4.57
 4.64 4.64 4.64 4.64 4.64 4.64 4.64 4.64 4.64 4.64 4.64 4.64 4.64 4.64 4.64 4.64 4.64 4.64 4.64
 4.64 4.64 4.64 4.64 4.64 4.64 4.64 4.64 4.64 4.64 4.64 4.64 4.64 4.64 4.64 4.64 4.64 4.64 4.64
 4.64 4.64 4.64 4.64 4.64 4.64 4.64 4.64 4.64 4.64 4.64 4.64 4.64 4.64 4.64 4.64 4.64 4.64 4.64
 4.64 4.64 4.64 4.64 4.64 4.64 4.64 4.64 4.64 4.64 4.64 4.64 4.64 4.64 4.64 4.64 4.64 4.64 4.64
 4.64 4.64 4.64 4.64 4.64 4.64 4.64 4.64 4.64 4.64 4.64 4.64 4.64 4.64 4.64 4.64 4.64 4.64 4.64
 4.64 4.64 4.64 4.64 4.64 4.64 4.64 4.64 4.64 4.64 4.64 4.64 4.64 4.64 4.64 4.64 4.64 4.64 4.64
 4.64 4.64 4.64 4.64 4.65 4.64 4.64 4.64 4.64 4.64 4.64 4.64 4.64 4.64 4.64 4.64 4.64 4.64 4.64
 4.64 4.64 4.59 4.71 4.82 4.79 4.74 4.69 4.65 4.65 4.65 4.64 4.64 4.64 4.64 4.64 4.64 4.64 4.64
 4.64 4.64 4.54 4.78 5.07 4.97 4.83 4.74 4.65 4.65 4.66 4.65 4.64 4.64 4.64 4.64 4.64 4.64 4.64
 4.64 4.64 4.69 4.71 4.70 4.92 5.02 4.86 4.59 4.60 4.61 4.62 4.64 4.64 4.64 4.64 4.64 4.64 4.64
 4.64 4.64 4.83 4.60 4.27 4.85 5.28 4.94 4.46 4.53 4.55 4.59 4.63 4.64 4.64 4.64 4.64 4.64 4.64
 4.64 4.64 4.74 4.58 4.43 4.92 5.06 4.92 4.75 4.75 4.80 4.73 4.64 4.64 4.64 4.64 4.64 4.64 4.64
 4.64 4.64 4.65 4.56 4.43 4.60 4.80 4.90 5.06 5.03 5.07 4.86 4.64 4.64 4.64 4.64 4.64 4.64 4.64
 4.64 4.64 4.64 4.60 4.56 4.61 4.77 4.80 4.89 4.80 4.88 4.74 4.64 4.64 4.64 4.64 4.64 4.64 4.64
 4.64 4.64 4.64 4.64 4.64 4.65 4.63 4.44 4.40 4.51 4.60 4.61 4.64 4.64 4.64 4.64 4.64 4.64 4.64
 4.64 4.64 4.64 4.64 4.64 4.64 4.64 4.59 4.55 4.61 4.63 4.64 4.64 4.64 4.64 4.64 4.64 4.64 4.64
 4.64 4.64 4.64 4.64 4.64 4.64 4.64 4.64 4.64 4.64 4.64 4.64 4.64 4.64 4.64 4.64 4.64 4.64 4.64
 4.64 4.64 4.64 4.64 4.64 4.64 4.64 4.64 4.64 4.64 4.64 4.64 4.64 4.64 4.64 4.64 4.64 4.64 4.64
 4.64 4.64 4.64 4.64 4.64 4.64 4.64 4.64 4.64 4.64 4.64 4.64 4.64 4.64 4.64 4.64 4.64 4.64 4.64
 4.64 4.64 4.64 4.64 4.64 4.64 4.64 4.64 4.64 4.64 4.64 4.64 4.64 4.64 4.64 4.64 4.64 4.64 4.64
 4.64 4.64 4.64 4.64 4.64 4.64 4.64 4.64 4.64 4.64 4.64 4.64 4.64 4.64 4.64 4.64 4.64 4.64 4.64
 4.64 4.64 4.64 4.64 4.64 4.64 4.64 4.64 4.64 4.64 4.64 4.64 4.64 4.64 4.64 4.64 4.64 4.64 4.64
 4.64 4.64 4.64 4.64 4.64 4.64 4.64 4.64 4.64 4.64 4.64 4.64 4.64 4.64 4.64 4.64 4.64 4.64 4.64
 4.64 4.64 4.64 4.64 4.64 4.64 4.64 4.64 4.64 4.64 4.64 4.64 4.64 4.64 4.64 4.64 4.64 4.64 4.64
 4.64 4.64 4.64 4.64 4.64 4.64 4.64 4.64 4.64 4.64 4.64 4.64 4.64 4.64 4.64 4.64 4.64 4.64 4.64
 4.64 4.64 4.64 4.64 4.64 4.64 4.64 4.64 4.64 4.64 4.64 4.64 4.64 4.64 4.64 4.64 4.64 4.64 4.64
 4.64 4.64 4.64 4.64 4.65 4.64 4.64 4.64 4.64 4.64 4.64 4.64 4.64 4.64 4.64 4.64 4.64 4.64 4.64
 4.64 4.64 4.64 4.65 4.66 4.65 4.64 4.64 4.64 4.64 4.64 4.64 4.64 4.64 4.64 4.64 4.64 4.64 4.64
 4.64 4.64 4.64 4.66 4.68 4.65 4.62 4.63 4.63 4.64 4.64 4.64 4.64 4.64 4.64 4.64 4.64 4.64 4.64
 4.64 4.64 4.64 4.68 4.71 4.65 4.59 4.61 4.63 4.63 4.64 4.64 4.64 4.64 4.64 4.64 4.64 4.64 4.64
 4.64 4.64 4.64 4.65 4.67 4.61 4.51 4.53 4.57 4.60 4.64 4.64 4.64 4.64 4.64 4.64 4.64 4.64 4.64
 4.64 4.64 4.64 4.63 4.62 4.55 4.44 4.43 4.47 4.57 4.64 4.64 4.64 4.64 4.64 4.64 4.64 4.64 4.64
 4.64 4.64 4.64 4.64 4.63 4.60 4.59 4.57 4.56 4.59 4.64 4.64 4.64 4.64 4.64 4.64 4.64 4.64 4.64
 4.64 4.64 4.64 4.64 4.64 4.66 4.66 4.61 4.59 4.62 4.64 4.64 4.64 4.64 4.64 4.64 4.64 4.64 4.64
 4.64 4.64 4.64 4.64 4.64 4.64 4.64 4.63 4.64 4.64 4.64 4.64 4.64 4.64 4.64 4.64 4.64 4.64 4.64
 4.64 4.64 4.64 4.64 4.64 4.64 4.64 4.64 4.64 4.64 4.64 4.64 4.64 4.64 4.64 4.64 4.64 4.64 4.64
 4.64 4.64 4.64 4.64 4.64 4.64 4.64 4.64 4.64 4.64 4.64 4.64 4.64 4.64 4.64 4.64 4.64 4.64 4.64
 4.64 4.64 4.64 4.64 4.64 4.64 4.64 4.64 4.64 4.64 4.64 4.64 4.64 4.64 4.64 4.64 4.64 4.64 4.64
 5.79 5.79 5.79 5.79 5.79 5.79 5.79 5.79 5.79 5.79 5.79 5.79 5.79 5.79 5.79 5.79 5.79 5.79 5.79
 5.79 5.79 5.79 5.79 5.79 5.79 5.79 5.79 5.79 5.79 5.79 5.79 5.79 5.79 5.79 5.79 5.79 5.79 5.79
 5.79 5.79 5.79 5.79 5.79 5.79 5.79 5.79 5.79 5.79 5.79 5.79 5.79 5.79 5.79 5.79 5.79 5.79 5.79
 5.79 5.79 5.79 5.79 5.79 5.79 5.79 5.79 5.79 5.79 5.79 5.79 5.79 5.79 5.79 5.79 5.79 5.79 5.79
 5.79 5.79 5.79 5.79 5.79 5.79 5.79 5.79 5.79 5.79 5.79 5.79 5.79 5.79 5.79 5.79 5.79 5.79 5.79
 5.79 5.79 5.79 5.79 5.79 5.79 5.79 5.79 5.79 5.79 5.79 5.79 5.79 5.79 5.79 5.79 5.79 5.79 5.79
 5.79 5.79 5.79 5.79 5.79 5.79 5.79 5.79 5.79 5.79 5.79 5.79 5.79 5.79 5.79 5.79 5.79 5.79 5.79
 5.79 5.79 5.79 5.79 5.79 5.79 5.79 5.79 5.79 5.79 5.79 5.79 5.79 5.79 5.79 5.79 5.79 5.79 5.79
 5.79 5.79 5.79 5.79 5.79 5.79 5.79 5.79 5.79 5.79 5.79 5.79 5.79 5.79 5.79 5.79 5.79 5.79 5.79
 5.79 5.79 5.79 5.79 5.79 5.79 5.79 5.79 5.79 5.79 5.79 5.79 5.79 5.79 5.79 5.79 5.79 5.79 5.79
 5.79 5.79 5.79 5.79 5.79 5.79 5.79 5.79 5.79 5.79 5.79 5.79 5.79 5.79 5.79 5.79 5.79 5.79 5.79
 5.79 5.79 5.79 5.79 5.79 5.79 5.79 5.79 5.79 5.79 5.79 5.79 5.79 5.79 5.79 5.79 5.79 5.79 5.79
 5.79 5.79 5.79 5.79 5.79 5.79 5.79 5.79 5.79 5.79 5.79 5.79 5.79 5.79 5.79 5.79 5.79 5.79 5.79
 5.79 5.79 5.79 5.79 5.79 5.79 5.79 5.79 5.79 5.79 5.79 5.79 5.79 5.79 5.79 5.79 5.79 5.79 5.79
 5.79 5.79 5.79 5.79 5.79 5.79 5.79 5.79 5.79 5.79 5.79 5.79 5.79 5.79 5.79 5.79 5.79 5.79 5.79
 5.79 5.79 5.79 5.79 5.79 5.79 5.79 5.79 5.79 5.79 5.79 5.79 5.79 5.79 5.79 5.79 5.79 5.79 5.79
 5.79 5.79 5.79 5.79 5.79 5.79 5.79 5.79 5.79 5.79 5.79 5.79 5.79 5.79 5.79 5.79 5.79 5.79 5.79
 5.79 5.79 5.79 5.79 5.79 5.79 5.79 5.79 5.79 5.79 5.79 5.79 5.79 5.79 5.79 5.79 5.79 5.79 5.79
 5.79 5.79 5.79 5.79 5.79 5.79 5.79 5.79 5.79 5.79 5.79 5.79 5.79 5.79 5.79 5.79 5.79 5.79 5.79
 1.78 1.78 1.78 1.78 1.78 1.78 1.78 1.78 1.78 1.78 1.78 1.78 1.78 1.78 1.78 1.78 1.78 1.78 1.78
 1.78 1.78 1.78 1.78 1.78 1.78 1.78 1.78 1.78 1.78 1.78 1.78 1.78 1.78 1.78 1.78 1.78 1.78 1.78
 1.78 1.78 1.78 1.78 1.78 1.78 1.78 1.78 1.78 1.78 1.78 1.78 1.78 1.78 1.78 1.78 1.78 1.78 1.78
 1.78 1.78 1.78 1.78 1.78 1.78 1.78 1.78 1.78 1.78 1.78 1.78 1.78 1.78 1.78 1.78 1.78 1.78 1.78
 1.78 1.78 1.78 1.78 1.78 1.78 1.78 1.78 1.78 1.78 1.78 1.78 1.78 1.78 1.78 1.78 1.78 1.78 1.78
 1.78 1.78 1.78 1.78 1.78 1.78 1.78 1.78 1.78 1.78 1.78 1.78 1.78 1.78 1.78 1.78 1.78 1.78 1.78
 1.78 1.78 1.78 1.78 1.78 1.78 1.78 1.78 1.78 1.78 1.78 1.78 1.78 1.78 1.78 1.78 1.78 1.78 1.78
 1.78 1.78 1.78 1.78 1.78 1.78 1.78 1.78 1.78 1.78 1.78 1.78 1.78 1.78 1.78 1.78 1.78 1.78 1.78
 1.78 1.78 1.78 1.78 1.78 1.78 1.78 1.78 1.78 1.78 1.78 1.78 1.78 1.78 1.78 1.78 1.78 1.78 1.78
 1.78 1.78 1.78 1.78 1.78 1.78 1.78 1.78 1.78 1.78 1.78 1.78 1.78 1.78 1.78 1.78 1.78 1.78 1.78
 1.78 1.78 1.78 1.78 1.78 1.78 1.78 1.78 1.78 1.78 1.78 1.78 1.78 1.78 1.78 1.78 1.78 1.78 1.78
 1.78 1.78 1.78 1.78 1.78 1.78 1.78 1.78 1.78 1.78 1.78 1.78 1.78 1.78 1.78 1.78 1.78 1.78 1.78
 1.78 1.78 1.78 1.78 1.78 1.78 1.78 1.78 1.78 1.78 1.78 1.78 1.78 1.78 1.78 1.78 1.78 1.78 1.78
 1.78 1.78 1.78 1.78 1.78 1.78 1.78 1.78 1.78 1.78 1.78 1.78 1.78 1.78 1.78 1.78 1.78 1.78 1.78
 1.78 1.78 1.78 1.78 1.78 1.78 1.78 1.78 1.78 1.78 1.78 1.78 1.78 1.78 1.78 1.78 1.78 1.78 1.78
 1.78 1.78 1.78 1.78 1.78 1.78 1.78 1.78 1.78 1.78 1.78 1.78 1.78 1.78 1.78 1.78 1.78 1.78 1.78
 1.78 1.78 1.78 1.78 1.78 1.78 1.78 1.78 1.78 1.78 1.78 1.78 1.78 1.78 1.78 1.78 1.78 1.78 1.78
 1.78 1.78 1.78 1.78 1.78 1.78 1.78 1.78 1.78 1.78 1.78 1.78 1.78 1.78 1.78 1.78 1.78 1.78 1.78
 1.78 1.78 1.78 1.78 1.78 1.78 1.78 1.78 1.78 1.78 1.78 1.78 1.78 1.78 1.78 1.78 1.78 1.78 1.78
 1.78 1.78 1.78 1.78 1.78 1.78 1.78 1.78 1.78 1.78 1.78 1.78 1.78 1.78 1.78 1.78 1.78 1.78 1.78
 1.78 1.78 1.78 1.78 1.78 1.78 1.78 1.78 1.78 1.78 1.78 1.78 1.78 1.78 1.78 1.78 1.78 1.78 1.78
 1.78 1.78 1.78 1.78 1.78 1.78 1.78 1.78 1.78 1.78 1.78 1.78 1.78 1.78 1.78 1.78 1.78 1.78 1.78
 1.78 1.78 1.78 1.78 1.79 1.79 1.79 1.78 1.78 1.78 1.78 1.78 1.78 1.78 1.78 1.78 1.78 1.78 1.78
 1.78 1.78 1.78 1.79 1.83 1.75 1.70 1.74 1.77 1.78 1.78 1.79 1.79 1.78 1.78 1.78 1.78 1.78 1.78
 1.78 1.78 1.78 1.79 1.81 1.79 1.75 1.74 1.78 1.77 1.77 1.77 1.77 1.78 1.78 1.78 1.78 1.78 1.78
 1.78 1.78 1.78 1.80 1.78 1.83 1.85 1.81 1.75 1.74 1.73 1.75 1.75 1.77 1.78 1.78 1.78 1.78 1.78
 1.78 1.78 1.78 1.78 1.77 1.80 1.83 1.76 1.75 1.81 1.82 1.78 1.78 1.78 1.78 1.78 1.78 1.78 1.78
 1.78 1.78 1.78 1.77 1.76 1.75 1.74 1.77 1.86 1.84 1.90 1.82 1.81 1.78 1.78 1.78 1.78 1.78 1.78
 1.78 1.78 1.77 1.77 1.76 1.77 1.77 1.81 1.81 1.82 1.82 1.80 1.80 1.78 1.78 1.78 1.78 1.78 1.78
 1.78 1.78 1.77 1.77 1.77 1.78 1.81 1.80 1.78 1.77 1.74 1.78 1.75 1.78 1.78 1.78 1.78 1.78 1.78
 1.78 1.78 1.77 1.77 1.77 1.78 1.78 1.74 1.77 1.78 1.78 1.79 1.77 1.78 1.78 1.78 1.78 1.78 1.78
 1.78 1.78 1.78 1.78 1.78 1.79 1.80 1.76 1.76 1.77 1.78 1.79 1.78 1.78 1.78 1.78 1.78 1.78 1.78
 1.78 1.78 1.78 1.78 1.78 1.78 1.78 1.77 1.77 1.78 1.79 1.78 1.78 1.78 1.78 1.78 1.78 1.78 1.78
 1.78 1.78 1.78 1.78 1.78 1.78 1.78 1.78 1.76 1.78 1.78 1.78 1.78 1.78 1.78 1.78 1.78 1.78 1.78
 1.78 1.78 1.78 1.78 1.78 1.78 1.78 1.78 1.78 1.76 1.74 1.76 1.78 1.78 1.78 1.78 1.78 1.78 1.78
 1.78 1.78 1.78 1.78 1.78 1.78 1.78 1.78 1.78 1.78 1.78 1.78 1.78 1.78 1.78 1.78 1.78 1.78 1.78
 1.78 1.78 1.78 1.78 1.78 1.78 1.78 1.78 1.78 1.78 1.78 1.78 1.78 1.78 1.78 1.78 1.78 1.78 1.78
 1.78 1.78 1.78 1.78 1.78 1.78 1.78 1.78 1.78 1.78 1.78 1.78 1.78 1.78 1.78 1.78 1.78 1.78 1.78
 1.78 1.78 1.78 1.78 1.78 1.78 1.78 1.78 1.78 1.78 1.78 1.78 1.78 1.78 1.78 1.78 1.78 1.78 1.78
 1.78 1.78 1.78 1.78 1.78 1.78 1.78 1.78 1.78 1.78 1.78 1.78 1.78 1.78 1.78 1.78 1.78 1.78 1.78
 1.78 1.78 1.78 1.78 1.78 1.78 1.78 1.78 1.78 1.78 1.78 1.78 1.78 1.78 1.78 1.78 1.78 1.78 1.78
 1.78 1.78 1.78 1.78 1.79 1.81 1.82 1.79 1.78 1.78 1.78 1.78 1.78 1.78 1.79 1.78 1.78 1.78 1.78
 1.78 1.78 1.77 1.76 1.81 1.72 1.76 1.73 1.75 1.76 1.79 1.81 1.81 1.77 1.87 1.79 1.78 1.78 1.78
 1.78 1.78 1.78 1.79 1.81 1.84 1.84 1.63 1.70 1.73 1.75 1.75 1.76 1.77 1.79 1.78 1.78 1.78 1.78
 1.78 1.78 1.80 1.80 1.81 1.82 1.86 1.81 1.77 1.67 1.73 1.71 1.70 1.76 1.78 1.78 1.78 1.78 1.78
 1.78 1.78 1.79 1.76 1.76 1.64 1.85 1.83 1.76 1.79 1.70 1.69 1.75 1.77 1.78 1.78 1.78 1.78 1.78
 1.78 1.78 1.78 1.75 1.72 1.73 1.81 1.71 1.80 1.79 1.80 1.79 1.74 1.78 1.78 1.78 1.78 1.78 1.78
 1.78 1.78 1.77 1.75 1.74 1.73 1.74 1.84 1.80 1.81 1.75 1.82 1.77 1.79 1.78 1.78 1.78 1.78 1.78
 1.78 1.78 1.77 1.76 1.77 1.75 1.77 1.67 1.73 1.77 1.81 1.84 1.80 1.79 1.78 1.78 1.78 1.78 1.78
 1.78 1.78 1.77 1.77 1.76 1.78 1.80 1.64 1.72 1.78 1.76 1.81 1.83 1.79 1.78 1.78 1.78 1.78 1.78
 1.78 1.78 1.78 1.78 1.78 1.83 1.86 1.78 1.80 1.77 1.79 1.81 1.80 1.78 1.78 1.78 1.78 1.78 1.78
 1.78 1.78 1.78 1.78 1.78 1.78 1.76 1.68 1.78 1.80 1.77 1.76 1.78 1.78 1.78 1.78 1.78 1.78 1.78
 1.78 1.78 1.78 1.78 1.78 1.77 1.76 1.75 1.74 1.72 1.68 1.74 1.77 1.78 1.78 1.78 1.78 1.78 1.78
 1.78 1.78 1.78 1.78 1.78 1.78 1.78 1.77 1.76 1.75 1.77 1.77 1.78 1.78 1.78 1.78 1.78 1.78 1.78
 1.78 1.78 1.78 1.78 1.78 1.78 1.78 1.78 1.78 1.78 1.78 1.78 1.78 1.78 1.78 1.78 1.78 1.78 1.78
 1.78 1.78 1.78 1.78 1.78 1.78 1.78 1.78 1.78 1.78 1.78 1.78 1.78 1.78 1.78 1.78 1.78 1.78 1.78
 1.78 1.78 1.78 1.78 1.78 1.78 1.78 1.78 1.78 1.78 1.78 1.78 1.78 1.78 1.78 1.78 1.78 1.78 1.78
 1.78 1.78 1.78 1.78 1.78 1.78 1.78 1.78 1.78 1.78 1.78 1.78 1.78 1.78 1.78 1.78 1.78 1.78 1.78
 1.78 1.78 1.78 1.78 1.78 1.78 1.78 1.78 1.78 1.78 1.78 1.78 1.78 1.78 1.78 1.78 1.78 1.78 1.78
 1.78 1.78 1.78 1.78 1.78 1.78 1.78 1.78 1.78 1.78 1.78 1.78 1.78 1.78 1.78 1.78 1.78 1.78 1.78
 1.78 1.78 1.78 1.78 1.78 1.78 1.81 1.79 1.78 1.78 1.78 1.78 1.78 1.78 1.78 1.78 1.78 1.78 1.78
 1.78 1.78 1.78 1.77 1.73 1.83 1.79 1.76 1.68 1.73 1.78 1.79 1.78 1.80 1.91 1.79 1.78 1.78 1.78
 1.78 1.78 1.77 1.78 1.76 1.80 1.68 1.73 1.64 1.73 1.76 1.76 1.77 1.78 1.81 1.78 1.78 1.78 1.78
 1.78 1.78 1.77 1.73 1.75 1.69 1.78 1.78 1.78 1.81 1.71 1.75 1.76 1.78 1.78 1.78 1.78 1.78 1.78
 1.78 1.78 1.77 1.75 1.81 1.80 1.70 1.70 1.80 1.73 1.77 1.70 1.77 1.79 1.77 1.78 1.78 1.78 1.78
 1.78 1.78 1.78 1.80 1.83 1.79 1.71 1.67 1.78 1.71 1.83 1.73 1.70 1.80 1.78 1.78 1.78 1.78 1.78
 1.78 1.78 1.78 1.79 1.80 1.78 1.69 1.72 1.73 1.85 1.81 1.81 1.77 1.79 1.78 1.78 1.78 1.78 1.78
 1.78 1.78 1.78 1.78 1.79 1.76 1.82 1.67 1.77 1.73 1.72 1.81 1.88 1.79 1.78 1.78 1.78 1.78 1.78
 1.78 1.78 1.78 1.77 1.75 1.73 1.75 1.78 1.74 1.79 1.76 1.82 1.85 1.79 1.78 1.78 1.78 1.78 1.78
 1.78 1.78 1.78 1.75 1.71 1.68 1.71 1.80 1.82 1.81 1.82 1.78 1.78 1.78 1.78 1.78 1.78 1.78 1.78
 1.78 1.78 1.78 1.76 1.75 1.72 1.66 1.75 1.81 1.78 1.73 1.76 1.78 1.78 1.78 1.78 1.78 1.78 1.78
 1.78 1.78 1.78 1.78 1.78 1.75 1.73 1.73 1.74 1.70 1.66 1.72 1.77 1.78 1.78 1.78 1.78 1.78 1.78
 1.78 1.78 1.78 1.78 1.78 1.78 1.78 1.78 1.79 1.82 1.85 1.80 1.78 1.78 1.78 1.78 1.78 1.78 1.78
 1.78 1.78 1.78 1.78 1.78 1.78 1.78 1.78 1.78 1.78 1.78 1.78 1.78 1.78 1.78 1.78 1.78 1.78 1.78
 1.78 1.78 1.78 1.78 1.78 1.78 1.78 1.78 1.78 1.78 1.78 1.78 1.78 1.78 1.78 1.78 1.78 1.78 1.78
 1.78 1.78 1.78 1.78 1.78 1.78 1.78 1.78 1.78 1.78 1.78 1.78 1.78 1.78 1.78 1.78 1.78 1.78 1.78
 1.78 1.78 1.78 1.78 1.78 1.78 1.78 1.78 1.78 1.78 1.78 1.78 1.78 1.78 1.78 1.78 1.78 1.78 1.78
 1.78 1.78 1.78 1.78 1.78 1.78 1.78 1.78 1.78 1.78 1.78 1.78 1.78 1.78 1.78 1.78 1.78 1.78 1.78
 1.78 1.78 1.78 1.78 1.78 1.78 1.78 1.78 1.78 1.78 1.78 1.78 1.78 1.78 1.78 1.78 1.78 1.78 1.78
 1.78 1.78 1.78 1.77 1.77 1.76 1.78 1.78 1.78 1.78 1.78 1.78 1.78 1.78 1.78 1.78 1.78 1.78 1.78
 1.78 1.78 1.78 1.76 1.72 1.66 1.66 1.76 1.75 1.77 1.79 1.79 1.77 1.82 1.87 1.78 1.78 1.78 1.78
 1.78 1.78 1.77 1.76 1.75 1.72 1.68 1.76 1.65 1.73 1.76 1.76 1.76 1.79 1.82 1.78 1.78 1.78 1.78
 1.78 1.78 1.77 1.75 1.75 1.74 1.80 1.70 1.73 1.64 1.69 1.75 1.75 1.78 1.79 1.78 1.78 1.78 1.78
 1.78 1.78 1.77 1.74 1.75 1.83 1.81 1.71 1.68 1.75 1.73 1.63 1.77 1.81 1.77 1.78 1.78 1.78 1.78
 1.78 1.78 1.78 1.77 1.75 1.80 1.80 1.85 1.71 1.75 1.67 1.73 1.73 1.82 1.78 1.78 1.78 1.78 1.78
 1.78 1.78 1.78 1.75 1.71 1.77 1.82 1.81 1.79 1.76 1.69 1.79 1.75 1.79 1.78 1.78 1.78 1.78 1.78
 1.78 1.78 1.78 1.74 1.70 1.74 1.82 1.80 1.83 1.72 1.81 1.80 1.86 1.78 1.78 1.78 1.78 1.78 1.78
 1.78 1.78 1.78 1.76 1.72 1.77 1.77 1.75 1.80 1.77 1.78 1.79 1.81 1.78 1.78 1.78 1.78 1.78 1.78
 1.78 1.78 1.78 1.77 1.76 1.77 1.79 1.79 1.77 1.80 1.84 1.80 1.78 1.78 1.78 1.78 1.78 1.78 1.78
 1.78 1.78 1.78 1.77 1.77 1.78 1.79 1.78 1.76 1.78 1.72 1.74 1.77 1.78 1.78 1.78 1.78 1.78 1.78
 1.78 1.78 1.78 1.78 1.78 1.78 1.78 1.77 1.76 1.71 1.66 1.72 1.77 1.78 1.78 1.78 1.78 1.78 1.78
 1.78 1.78 1.78 1.78 1.78 1.78 1.78 1.79 1.80 1.83 1.85 1.81 1.78 1.78 1.78 1.78 1.78 1.78 1.78
 1.78 1.78 1.78 1.78 1.78 1.78 1.78 1.78 1.78 1.78 1.78 1.78 1.78 1.78 1.78 1.78 1.78 1.78 1.78
 1.78 1.78 1.78 1.78 1.78 1.78 1.78 1.78 1.78 1.78 1.78 1.78 1.78 1.78 1.78 1.78 1.78 1.78 1.78
 1.78 1.78 1.78 1.78 1.78 1.78 1.78 1.78 1.78 1.78 1.78 1.78 1.78 1.78 1.78 1.78 1.78 1.78 1.78
 1.78 1.78 1.78 1.78 1.78 1.78 1.78 1.78 1.78 1.78 1.78 1.78 1.78 1.78 1.78 1.78 1.78 1.78 1.78
 1.78 1.78 1.78 1.78 1.78 1.78 1.78 1.78 1.78 1.78 1.78 1.78 1.78 1.78 1.78 1.78 1.78 1.78 1.78
 1.78 1.78 1.78 1.78 1.78 1.78 1.78 1.78 1.78 1.78 1.78 1.78 1.78 1.78 1.78 1.78 1.78 1.78 1.78
 1.78 1.78 1.78 1.78 1.78 1.79 1.85 1.79 1.78 1.78 1.78 1.78 1.78 1.78 1.78 1.78 1.78 1.78 1.78
 1.78 1.78 1.78 1.77 1.81 1.73 1.83 1.76 1.76 1.77 1.79 1.78 1.78 1.84 1.82 1.78 1.78 1.78 1.78
 1.78 1.78 1.77 1.76 1.77 1.79 1.83 1.74 1.76 1.74 1.81 1.80 1.78 1.84 1.82 1.78 1.78 1.78 1.78
 1.78 1.78 1.77 1.74 1.75 1.74 1.76 1.71 1.62 1.72 1.81 1.79 1.78 1.81 1.81 1.78 1.78 1.78 1.78
 1.78 1.78 1.77 1.73 1.73 1.74 1.81 1.79 1.68 1.76 1.88 1.76 1.77 1.86 1.80 1.78 1.78 1.78 1.78
 1.78 1.78 1.77 1.76 1.76 1.78 1.74 1.79 1.71 1.72 1.78 1.77 1.76 1.88 1.79 1.78 1.78 1.78 1.78
 1.78 1.78 1.77 1.77 1.76 1.77 1.76 1.74 1.68 1.79 1.79 1.79 1.70 1.81 1.78 1.78 1.78 1.78 1.78
 1.78 1.78 1.78 1.78 1.78 1.78 1.76 1.75 1.72 1.71 1.85 1.77 1.69 1.80 1.78 1.78 1.78 1.78 1.78
 1.78 1.78 1.78 1.78 1.78 1.79 1.80 1.77 1.77 1.76 1.76 1.77 1.77 1.79 1.78 1.78 1.78 1.78 1.78
 1.78 1.78 1.78 1.78 1.78 1.79 1.80 1.80 1.77 1.82 1.82 1.77 1.78 1.78 1.78 1.78 1.78 1.78 1.78
 1.78 1.78 1.78 1.78 1.78 1.78 1.79 1.78 1.77 1.77 1.72 1.74 1.78 1.78 1.78 1.78 1.78 1.78 1.78
 1.78 1.78 1.78 1.78 1.78 1.78 1.78 1.77 1.76 1.71 1.69 1.75 1.78 1.78 1.78 1.78 1.78 1.78 1.78
 1.78 1.78 1.78 1.78 1.78 1.78 1.78 1.79 1.80 1.84 1.85 1.81 1.78 1.78 1.78 1.78 1.78 1.78 1.78
 1.78 1.78 1.78 1.78 1.78 1.78 1.78 1.78 1.78 1.78 1.78 1.78 1.78 1.78 1.78 1.78 1.78 1.78 1.78
 1.78 1.78 1.78 1.78 1.78 1.78 1.78 1.78 1.78 1.78 1.78 1.78 1.78 1.78 1.78 1.78 1.78 1.78 1.78
 1.78 1.78 1.78 1.78 1.78 1.78 1.78 1.78 1.78 1.78 1.78 1.78 1.78 1.78 1.78 1.78 1.78 1.78 1.78
 1.78 1.78 1.78 1.78 1.78 1.78 1.78 1.78 1.78 1.78 1.78 1.78 1.78 1.78 1.78 1.78 1.78 1.78 1.78
 1.78 1.78 1.78 1.78 1.78 1.78 1.78 1.78 1.78 1.78 1.78 1.78 1.78 1.78 1.78 1.78 1.78 1.78 1.78
 1.78 1.78 1.78 1.78 1.78 1.78 1.78 1.78 1.78 1.78 1.78 1.78 1.78 1.78 1.78 1.78 1.78 1.78 1.78
 1.78 1.78 1.78 1.78 1.79 1.78 1.79 1.78 1.78 1.78 1.78 1.78 1.78 1.78 1.78 1.78 1.78 1.78 1.78
 1.78 1.78 1.78 1.80 1.87 1.78 1.73 1.67 1.69 1.75 1.78 1.78 1.78 1.84 1.78 1.78 1.78 1.78 1.78
 1.78 1.78 1.77 1.78 1.79 1.72 1.64 1.68 1.69 1.73 1.77 1.79 1.82 1.91 1.81 1.78 1.78 1.78 1.78
 1.78 1.78 1.77 1.76 1.80 1.77 1.67 1.72 1.81 1.73 1.77 1.80 1.82 1.88 1.85 1.78 1.78 1.78 1.78
 1.78 1.78 1.77 1.75 1.76 1.73 1.69 1.67 1.71 1.75 1.75 1.76 1.79 1.86 1.83 1.78 1.78 1.78 1.78
 1.78 1.78 1.77 1.76 1.77 1.77 1.73 1.72 1.67 1.73 1.82 1.74 1.78 1.88 1.81 1.78 1.78 1.78 1.78
 1.78 1.78 1.77 1.77 1.76 1.75 1.75 1.75 1.74 1.75 1.75 1.77 1.77 1.83 1.79 1.78 1.78 1.78 1.78
 1.78 1.78 1.78 1.79 1.77 1.79 1.78 1.79 1.78 1.81 1.69 1.73 1.73 1.80 1.78 1.78 1.78 1.78 1.78
 1.78 1.78 1.78 1.78 1.78 1.79 1.82 1.78 1.77 1.76 1.71 1.74 1.79 1.79 1.78 1.78 1.78 1.78 1.78
 1.78 1.78 1.78 1.78 1.78 1.79 1.81 1.79 1.73 1.75 1.77 1.76 1.79 1.78 1.78 1.78 1.78 1.78 1.78
 1.78 1.78 1.78 1.78 1.78 1.79 1.79 1.78 1.74 1.70 1.69 1.75 1.79 1.78 1.78 1.78 1.78 1.78 1.78
 1.78 1.78 1.78 1.78 1.78 1.78 1.78 1.77 1.77 1.77 1.73 1.77 1.79 1.78 1.78 1.78 1.78 1.78 1.78
 1.78 1.78 1.78 1.78 1.78 1.78 1.78 1.79 1.82 1.83 1.84 1.80 1.78 1.78 1.78 1.78 1.78 1.78 1.78
 1.78 1.78 1.78 1.78 1.78 1.78 1.78 1.78 1.78 1.78 1.78 1.78 1.78 1.78 1.78 1.78 1.78 1.78 1.78
 1.78 1.78 1.78 1.78 1.78 1.78 1.78 1.78 1.78 1.78 1.78 1.78 1.78 1.78 1.78 1.78 1.78 1.78 1.78
 1.78 1.78 1.78 1.78 1.78 1.78 1.78 1.78 1.78 1.78 1.78 1.78 1.78 1.78 1.78 1.78 1.78 1.78 1.78
 1.78 1.78 1.78 1.78 1.78 1.78 1.78 1.78 1.78 1.78 1.78 1.78 1.78 1.78 1.78 1.78 1.78 1.78 1.78
 1.78 1.78 1.78 1.78 1.78 1.78 1.78 1.78 1.78 1.78 1.78 1.78 1.78 1.78 1.78 1.78 1.78 1.78 1.78
 1.78 1.78 1.78 1.78 1.78 1.78 1.78 1.78 1.78 1.78 1.78 1.78 1.78 1.78 1.78 1.78 1.78 1.78 1.78
 1.78 1.78 1.78 1.78 1.78 1.78 1.78 1.78 1.78 1.78 1.78 1.78 1.78 1.78 1.78 1.78 1.78 1.78 1.78
 1.78 1.78 1.78 1.80 1.83 1.78 1.74 1.71 1.70 1.74 1.77 1.79 1.80 1.78 1.78 1.78 1.78 1.78 1.78
 1.78 1.78 1.78 1.80 1.81 1.77 1.75 1.70 1.71 1.76 1.78 1.80 1.86 1.83 1.78 1.78 1.78 1.78 1.78
 1.78 1.78 1.78 1.78 1.82 1.78 1.70 1.77 1.79 1.74 1.76 1.82 1.87 1.84 1.79 1.78 1.78 1.78 1.78
 1.78 1.78 1.78 1.77 1.78 1.77 1.78 1.77 1.82 1.78 1.70 1.76 1.80 1.79 1.78 1.78 1.78 1.78 1.78
 1.78 1.78 1.78 1.76 1.72 1.77 1.74 1.75 1.82 1.77 1.80 1.76 1.80 1.80 1.78 1.78 1.78 1.78 1.78
 1.78 1.78 1.78 1.78 1.77 1.77 1.78 1.74 1.74 1.76 1.76 1.73 1.77 1.79 1.78 1.78 1.78 1.78 1.78
 1.78 1.78 1.78 1.79 1.76 1.78 1.78 1.78 1.74 1.77 1.72 1.76 1.78 1.78 1.78 1.78 1.78 1.78 1.78
 1.78 1.78 1.78 1.78 1.78 1.79 1.79 1.74 1.70 1.72 1.72 1.77 1.82 1.78 1.78 1.78 1.78 1.78 1.78
 1.78 1.78 1.78 1.78 1.79 1.78 1.77 1.77 1.68 1.69 1.75 1.80 1.83 1.78 1.78 1.78 1.78 1.78 1.78
 1.78 1.78 1.78 1.78 1.78 1.78 1.78 1.77 1.73 1.72 1.75 1.78 1.80 1.78 1.78 1.78 1.78 1.78 1.78
 1.78 1.78 1.78 1.78 1.78 1.78 1.78 1.79 1.82 1.82 1.80 1.80 1.80 1.78 1.78 1.78 1.78 1.78 1.78
 1.78 1.78 1.78 1.78 1.78 1.78 1.78 1.79 1.82 1.81 1.81 1.79 1.78 1.78 1.78 1.78 1.78 1.78 1.78
 1.78 1.78 1.78 1.78 1.78 1.78 1.78 1.78 1.78 1.78 1.78 1.78 1.78 1.78 1.78 1.78 1.78 1.78 1.78
 1.78 1.78 1.78 1.78 1.78 1.78 1.78 1.78 1.78 1.78 1.78 1.78 1.78 1.78 1.78 1.78 1.78 1.78 1.78
 1.78 1.78 1.78 1.78 1.78 1.78 1.78 1.78 1.78 1.78 1.78 1.78 1.78 1.78 1.78 1.78 1.78 1.78 1.78
 1.78 1.78 1.78 1.78 1.78 1.78 1.78 1.78 1.78 1.78 1.78 1.78 1.78 1.78 1.78 1.78 1.78 1.78 1.78
 1.78 1.78 1.78 1.78 1.78 1.78 1.78 1.78 1.78 1.78 1.78 1.78 1.78 1.78 1.78 1.78 1.78 1.78 1.78
 1.78 1.78 1.78 1.78 1.78 1.78 1.78 1.78 1.78 1.78 1.78 1.78 1.78 1.78 1.78 1.78 1.78 1.78 1.78
 1.78 1.78 1.78 1.78 1.78 1.78 1.78 1.78 1.78 1.78 1.78 1.78 1.78 1.78 1.78 1.78 1.78 1.78 1.78
 1.78 1.78 1.78 1.80 1.84 1.81 1.78 1.78 1.78 1.78 1.78 1.78 1.78 1.78 1.78 1.78 1.78 1.78 1.78
 1.78 1.78 1.78 1.80 1.84 1.80 1.79 1.76 1.76 1.76 1.77 1.77 1.78 1.78 1.78 1.78 1.78 1.78 1.78
 1.78 1.78 1.78 1.79 1.80 1.77 1.72 1.75 1.70 1.74 1.77 1.77 1.78 1.79 1.78 1.78 1.78 1.78 1.78
 1.78 1.78 1.78 1.79 1.81 1.84 1.74 1.83 1.69 1.73 1.72 1.73 1.74 1.78 1.78 1.78 1.78 1.78 1.78
 1.78 1.78 1.78 1.77 1.74 1.78 1.73 1.72 1.75 1.71 1.77 1.75 1.75 1.81 1.78 1.78 1.78 1.78 1.78
 1.78 1.78 1.78 1.78 1.77 1.79 1.80 1.75 1.73 1.78 1.75 1.76 1.76 1.79 1.78 1.78 1.78 1.78 1.78
 1.78 1.78 1.78 1.78 1.77 1.75 1.77 1.74 1.77 1.86 1.71 1.79 1.77 1.78 1.78 1.78 1.78 1.78 1.78
 1.78 1.78 1.78 1.78 1.76 1.77 1.78 1.75 1.74 1.79 1.74 1.80 1.80 1.78 1.78 1.78 1.78 1.78 1.78
 1.78 1.78 1.78 1.77 1.77 1.77 1.75 1.77 1.73 1.74 1.80 1.82 1.83 1.78 1.78 1.78 1.78 1.78 1.78
 1.78 1.78 1.78 1.78 1.77 1.78 1.79 1.78 1.76 1.77 1.80 1.80 1.80 1.78 1.78 1.78 1.78 1.78 1.78
 1.78 1.78 1.78 1.78 1.78 1.78 1.79 1.81 1.85 1.81 1.81 1.79 1.80 1.78 1.78 1.78 1.78 1.78 1.78
 1.78 1.78 1.78 1.78 1.78 1.78 1.78 1.79 1.80 1.81 1.81 1.79 1.78 1.78 1.78 1.78 1.78 1.78 1.78
 1.78 1.78 1.78 1.78 1.78 1.78 1.78 1.78 1.78 1.78 1.78 1.78 1.78 1.78 1.78 1.78 1.78 1.78 1.78
 1.78 1.78 1.78 1.78 1.78 1.78 1.78 1.78 1.78 1.78 1.78 1.78 1.78 1.78 1.78 1.78 1.78 1.78 1.78
 1.78 1.78 1.78 1.78 1.78 1.78 1.78 1.78 1.78 1.78 1.78 1.78 1.78 1.78 1.78 1.78 1.78 1.78 1.78
 1.78 1.78 1.78 1.78 1.78 1.78 1.78 1.78 1.78 1.78 1.78 1.78 1.78 1.78 1.78 1.78 1.78 1.78 1.78
 1.78 1.78 1.78 1.78 1.78 1.78 1.78 1.78 1.78 1.78 1.78 1.78 1.78 1.78 1.78 1.78 1.78 1.78 1.78
 1.78 1.78 1.78 1.78 1.78 1.78 1.78 1.78 1.78 1.78 1.78 1.78 1.78 1.78 1.78 1.78 1.78 1.78 1.78
 1.78 1.78 1.78 1.78 1.78 1.78 1.78 1.78 1.78 1.78 1.78 1.78 1.78 1.78 1.78 1.78 1.78 1.78 1.78
 1.78 1.78 1.78 1.78 1.79 1.78 1.77 1.77 1.78 1.78 1.78 1.78 1.78 1.78 1.78 1.78 1.78 1.78 1.78
 1.78 1.78 1.78 1.79 1.80 1.76 1.74 1.75 1.77 1.78 1.78 1.78 1.78 1.78 1.78 1.78 1.78 1.78 1.78
 1.78 1.78 1.79 1.79 1.76 1.69 1.68 1.70 1.76 1.77 1.78 1.78 1.79 1.78 1.78 1.78 1.78 1.78 1.78
 1.78 1.78 1.78 1.77 1.77 1.76 1.68 1.73 1.77 1.78 1.79 1.79 1.79 1.78 1.78 1.78 1.78 1.78 1.78
 1.78 1.78 1.78 1.76 1.75 1.74 1.67 1.71 1.82 1.76 1.81 1.79 1.79 1.80 1.78 1.78 1.78 1.78 1.78
 1.78 1.78 1.78 1.77 1.75 1.76 1.76 1.75 1.81 1.76 1.77 1.77 1.78 1.80 1.78 1.78 1.78 1.78 1.78
 1.78 1.78 1.78 1.78 1.77 1.75 1.78 1.74 1.73 1.71 1.70 1.75 1.75 1.78 1.78 1.78 1.78 1.78 1.78
 1.78 1.78 1.78 1.78 1.76 1.75 1.78 1.77 1.72 1.77 1.77 1.78 1.76 1.78 1.78 1.78 1.78 1.78 1.78
 1.78 1.78 1.78 1.77 1.77 1.79 1.77 1.77 1.73 1.77 1.84 1.82 1.81 1.78 1.78 1.78 1.78 1.78 1.78
 1.78 1.78 1.78 1.78 1.77 1.78 1.80 1.78 1.76 1.77 1.83 1.81 1.80 1.78 1.78 1.78 1.78 1.78 1.78
 1.78 1.78 1.78 1.78 1.78 1.78 1.79 1.82 1.83 1.79 1.80 1.79 1.80 1.78 1.78 1.78 1.78 1.78 1.78
 1.78 1.78 1.78 1.78 1.78 1.78 1.78 1.78 1.79 1.80 1.79 1.78 1.78 1.78 1.78 1.78 1.78 1.78 1.78
 1.78 1.78 1.78 1.78 1.78 1.78 1.78 1.78 1.78 1.78 1.78 1.78 1.78 1.78 1.78 1.78 1.78 1.78 1.78
 1.78 1.78 1.78 1.78 1.78 1.78 1.78 1.78 1.78 1.78 1.78 1.78 1.78 1.78 1.78 1.78 1.78 1.78 1.78
 1.78 1.78 1.78 1.78 1.78 1.78 1.78 1.78 1.78 1.78 1.78 1.78 1.78 1.78 1.78 1.78 1.78 1.78 1.78
 1.78 1.78 1.78 1.78 1.78 1.78 1.78 1.78 1.78 1.78 1.78 1.78 1.78 1.78 1.78 1.78 1.78 1.78 1.78
 1.78 1.78 1.78 1.78 1.78 1.78 1.78 1.78 1.78 1.78 1.78 1.78 1.78 1.78 1.78 1.78 1.78 1.78 1.78
 1.78 1.78 1.78 1.78 1.78 1.78 1.78 1.78 1.78 1.78 1.78 1.78 1.78 1.78 1.78 1.78 1.78 1.78 1.78
 1.78 1.78 1.78 1.78 1.78 1.78 1.78 1.78 1.78 1.78 1.78 1.78 1.78 1.78 1.78 1.78 1.78 1.78 1.78
 1.78 1.78 1.78 1.78 1.79 1.78 1.78 1.78 1.78 1.78 1.78 1.78 1.78 1.78 1.78 1.78 1.78 1.78 1.78
 1.78 1.78 1.79 1.78 1.79 1.76 1.75 1.76 1.78 1.78 1.78 1.78 1.78 1.78 1.78 1.78 1.78 1.78 1.78
 1.78 1.78 1.80 1.81 1.78 1.71 1.70 1.74 1.77 1.78 1.78 1.78 1.78 1.78 1.78 1.78 1.78 1.78 1.78
 1.78 1.78 1.79 1.78 1.73 1.67 1.68 1.70 1.76 1.77 1.80 1.80 1.78 1.78 1.78 1.78 1.78 1.78 1.78
 1.78 1.78 1.78 1.75 1.73 1.74 1.74 1.68 1.73 1.78 1.83 1.81 1.79 1.78 1.78 1.78 1.78 1.78 1.78
 1.78 1.78 1.78 1.76 1.75 1.73 1.77 1.70 1.74 1.82 1.81 1.79 1.80 1.78 1.78 1.78 1.78 1.78 1.78
 1.78 1.78 1.78 1.78 1.77 1.73 1.78 1.75 1.80 1.72 1.76 1.79 1.80 1.78 1.78 1.78 1.78 1.78 1.78
 1.78 1.78 1.78 1.77 1.77 1.70 1.73 1.80 1.76 1.74 1.82 1.75 1.74 1.78 1.78 1.78 1.78 1.78 1.78
 1.78 1.78 1.78 1.77 1.76 1.77 1.80 1.78 1.76 1.76 1.88 1.76 1.71 1.78 1.78 1.78 1.78 1.78 1.78
 1.78 1.78 1.78 1.77 1.77 1.79 1.83 1.79 1.73 1.74 1.85 1.78 1.74 1.78 1.78 1.78 1.78 1.78 1.78
 1.78 1.78 1.78 1.78 1.78 1.80 1.82 1.81 1.77 1.77 1.85 1.80 1.79 1.78 1.78 1.78 1.78 1.78 1.78
 1.78 1.78 1.78 1.78 1.78 1.78 1.78 1.78 1.80 1.79 1.79 1.78 1.78 1.78 1.78 1.78 1.78 1.78 1.78
 1.78 1.78 1.78 1.78 1.78 1.78 1.78 1.78 1.78 1.78 1.78 1.78 1.78 1.78 1.78 1.78 1.78 1.78 1.78
 1.78 1.78 1.78 1.78 1.78 1.78 1.78 1.78 1.78 1.78 1.78 1.78 1.78 1.78 1.78 1.78 1.78 1.78 1.78
 1.78 1.78 1.78 1.78 1.78 1.78 1.78 1.78 1.78 1.78 1.78 1.78 1.78 1.78 1.78 1.78 1.78 1.78 1.78
 1.78 1.78 1.78 1.78 1.78 1.78 1.78 1.78 1.78 1.78 1.78 1.78 1.78 1.78 1.78 1.78 1.78 1.78 1.78
 1.78 1.78 1.78 1.78 1.78 1.78 1.78 1.78 1.78 1.78 1.78 1.78 1.78 1.78 1.78 1.78 1.78 1.78 1.78
 1.78 1.78 1.78 1.78 1.78 1.78 1.78 1.78 1.78 1.78 1.78 1.78 1.78 1.78 1.78 1.78 1.78 1.78 1.78
 1.78 1.78 1.78 1.78 1.78 1.78 1.78 1.78 1.78 1.78 1.78 1.78 1.78 1.78 1.78 1.78 1.78 1.78 1.78
 1.78 1.78 1.78 1.78 1.78 1.78 1.78 1.78 1.78 1.78 1.78 1.78 1.78 1.78 1.78 1.78 1.78 1.78 1.78
 1.78 1.78 1.78 1.78 1.78 1.78 1.77 1.78 1.78 1.78 1.78 1.78 1.78 1.78 1.78 1.78 1.78 1.78 1.78
 1.78 1.78 1.78 1.79 1.81 1.78 1.77 1.77 1.78 1.78 1.78 1.78 1.78 1.78 1.78 1.78 1.78 1.78 1.78
 1.78 1.78 1.78 1.77 1.76 1.72 1.73 1.76 1.79 1.79 1.78 1.78 1.78 1.78 1.78 1.78 1.78 1.78 1.78
 1.78 1.78 1.78 1.75 1.71 1.71 1.65 1.75 1.81 1.80 1.80 1.78 1.78 1.78 1.78 1.78 1.78 1.78 1.78
 1.78 1.78 1.78 1.76 1.75 1.74 1.68 1.75 1.84 1.84 1.81 1.79 1.78 1.78 1.78 1.78 1.78 1.78 1.78
 1.78 1.78 1.78 1.77 1.73 1.67 1.70 1.71 1.83 1.78 1.82 1.82 1.80 1.78 1.78 1.78 1.78 1.78 1.78
 1.78 1.78 1.78 1.76 1.74 1.64 1.66 1.68 1.78 1.75 1.86 1.82 1.77 1.78 1.78 1.78 1.78 1.78 1.78
 1.78 1.78 1.78 1.76 1.75 1.71 1.71 1.73 1.69 1.78 1.83 1.77 1.76 1.78 1.78 1.78 1.78 1.78 1.78
 1.78 1.78 1.78 1.77 1.76 1.78 1.84 1.78 1.71 1.71 1.77 1.77 1.74 1.78 1.78 1.78 1.78 1.78 1.78
 1.78 1.78 1.78 1.78 1.78 1.80 1.83 1.80 1.77 1.74 1.79 1.77 1.76 1.78 1.78 1.78 1.78 1.78 1.78
 1.78 1.78 1.78 1.78 1.78 1.78 1.78 1.79 1.81 1.79 1.78 1.78 1.78 1.78 1.78 1.78 1.78 1.78 1.78
 1.78 1.78 1.78 1.78 1.78 1.78 1.78 1.78 1.78 1.78 1.78 1.78 1.78 1.78 1.78 1.78 1.78 1.78 1.78
 1.78 1.78 1.78 1.78 1.78 1.78 1.78 1.78 1.78 1.78 1.78 1.78 1.78 1.78 1.78 1.78 1.78 1.78 1.78
 1.78 1.78 1.78 1.78 1.78 1.78 1.78 1.78 1.78 1.78 1.78 1.78 1.78 1.78 1.78 1.78 1.78 1.78 1.78
 1.78 1.78 1.78 1.78 1.78 1.78 1.78 1.78 1.78 1.78 1.78 1.78 1.78 1.78 1.78 1.78 1.78 1.78 1.78
 1.78 1.78 1.78 1.78 1.78 1.78 1.78 1.78 1.78 1.78 1.78 1.78 1.78 1.78 1.78 1.78 1.78 1.78 1.78
 1.78 1.78 1.78 1.78 1.78 1.78 1.78 1.78 1.78 1.78 1.78 1.78 1.78 1.78 1.78 1.78 1.78 1.78 1.78
 1.78 1.78 1.78 1.78 1.78 1.78 1.78 1.78 1.78 1.78 1.78 1.78 1.78 1.78 1.78 1.78 1.78 1.78 1.78
 1.78 1.78 1.78 1.78 1.78 1.78 1.78 1.78 1.78 1.78 1.78 1.78 1.78 1.78 1.78 1.78 1.78 1.78 1.78
 1.78 1.78 1.78 1.78 1.78 1.78 1.78 1.78 1.78 1.78 1.78 1.78 1.78 1.78 1.78 1.78 1.78 1.78 1.78
 1.78 1.78 1.78 1.78 1.78 1.78 1.78 1.78 1.78 1.78 1.78 1.78 1.78 1.78 1.78 1.78 1.78 1.78 1.78
 1.78 1.78 1.78 1.78 1.79 1.78 1.77 1.78 1.78 1.78 1.78 1.78 1.78 1.78 1.78 1.78 1.78 1.78 1.78
 1.78 1.78 1.78 1.79 1.80 1.78 1.77 1.77 1.78 1.78 1.78 1.78 1.78 1.78 1.78 1.78 1.78 1.78 1.78
 1.78 1.78 1.78 1.78 1.82 1.79 1.77 1.80 1.82 1.80 1.78 1.78 1.78 1.78 1.78 1.78 1.78 1.78 1.78
 1.78 1.78 1.78 1.80 1.84 1.81 1.84 1.85 1.87 1.82 1.79 1.78 1.78 1.78 1.78 1.78 1.78 1.78 1.78
 1.78 1.78 1.78 1.78 1.74 1.72 1.83 1.83 1.84 1.81 1.80 1.79 1.78 1.78 1.78 1.78 1.78 1.78 1.78
 1.78 1.78 1.78 1.77 1.77 1.74 1.70 1.79 1.78 1.83 1.81 1.79 1.78 1.78 1.78 1.78 1.78 1.78 1.78
 1.78 1.78 1.78 1.77 1.77 1.77 1.75 1.75 1.73 1.78 1.77 1.78 1.78 1.78 1.78 1.78 1.78 1.78 1.78
 1.78 1.78 1.78 1.78 1.78 1.78 1.80 1.81 1.76 1.77 1.76 1.77 1.78 1.78 1.78 1.78 1.78 1.78 1.78
 1.78 1.78 1.78 1.78 1.78 1.78 1.78 1.80 1.81 1.79 1.78 1.78 1.78 1.78 1.78 1.78 1.78 1.78 1.78
 1.78 1.78 1.78 1.78 1.78 1.78 1.78 1.78 1.78 1.78 1.78 1.78 1.78 1.78 1.78 1.78 1.78 1.78 1.78
 1.78 1.78 1.78 1.78 1.78 1.78 1.78 1.78 1.78 1.78 1.78 1.78 1.78 1.78 1.78 1.78 1.78 1.78 1.78
 1.78 1.78 1.78 1.78 1.78 1.78 1.78 1.78 1.78 1.78 1.78 1.78 1.78 1.78 1.78 1.78 1.78 1.78 1.78
 1.78 1.78 1.78 1.78 1.78 1.78 1.78 1.78 1.78 1.78 1.78 1.78 1.78 1.78 1.78 1.78 1.78 1.78 1.78
 1.78 1.78 1.78 1.78 1.78 1.78 1.78 1.78 1.78 1.78 1.78 1.78 1.78 1.78 1.78 1.78 1.78 1.78 1.78
 1.78 1.78 1.78 1.78 1.78 1.78 1.78 1.78 1.78 1.78 1.78 1.78 1.78 1.78 1.78 1.78 1.78 1.78 1.78
 1.78 1.78 1.78 1.78 1.78 1.78 1.78 1.78 1.78 1.78 1.78 1.78 1.78 1.78 1.78 1.78 1.78 1.78 1.78
 1.78 1.78 1.78 1.78 1.78 1.78 1.78 1.78 1.78 1.78 1.78 1.78 1.78 1.78 1.78 1.78 1.78 1.78 1.78
 1.78 1.78 1.78 1.78 1.78 1.78 1.78 1.78 1.78 1.78 1.78 1.78 1.78 1.78 1.78 1.78 1.78 1.78 1.78
 1.78 1.78 1.78 1.78 1.78 1.78 1.78 1.78 1.78 1.78 1.78 1.78 1.78 1.78 1.78 1.78 1.78 1.78 1.78
 1.78 1.78 1.78 1.78 1.78 1.78 1.78 1.78 1.78 1.78 1.78 1.78 1.78 1.78 1.78 1.78 1.78 1.78 1.78
 1.78 1.78 1.78 1.78 1.78 1.78 1.78 1.78 1.78 1.78 1.78 1.78 1.78 1.78 1.78 1.78 1.78 1.78 1.78
 1.78 1.78 1.78 1.78 1.78 1.78 1.78 1.78 1.78 1.78 1.78 1.78 1.78 1.78 1.78 1.78 1.78 1.78 1.78
 1.78 1.78 1.78 1.78 1.80 1.78 1.78 1.78 1.78 1.78 1.78 1.78 1.78 1.78 1.78 1.78 1.78 1.78 1.78
 1.78 1.78 1.78 1.78 1.78 1.79 1.79 1.80 1.79 1.78 1.78 1.78 1.78 1.78 1.78 1.78 1.78 1.78 1.78
 1.78 1.78 1.78 1.78 1.78 1.79 1.81 1.82 1.80 1.79 1.78 1.78 1.78 1.78 1.78 1.78 1.78 1.78 1.78
 1.78 1.78 1.78 1.78 1.78 1.79 1.80 1.79 1.78 1.78 1.78 1.78 1.78 1.78 1.78 1.78 1.78 1.78 1.78
 1.78 1.78 1.78 1.78 1.78 1.78 1.80 1.79 1.76 1.77 1.78 1.78 1.78 1.78 1.78 1.78 1.78 1.78 1.78
 1.78 1.78 1.78 1.78 1.78 1.78 1.78 1.78 1.78 1.78 1.78 1.78 1.78 1.78 1.78 1.78 1.78 1.78 1.78
 1.78 1.78 1.78 1.78 1.78 1.78 1.78 1.78 1.78 1.78 1.78 1.78 1.78 1.78 1.78 1.78 1.78 1.78 1.78
 1.78 1.78 1.78 1.78 1.78 1.78 1.78 1.78 1.78 1.78 1.78 1.78 1.78 1.78 1.78 1.78 1.78 1.78 1.78
 1.78 1.78 1.78 1.78 1.78 1.78 1.78 1.78 1.78 1.78 1.78 1.78 1.78 1.78 1.78 1.78 1.78 1.78 1.78
 1.78 1.78 1.78 1.78 1.78 1.78 1.78 1.78 1.78 1.78 1.78 1.78 1.78 1.78 1.78 1.78 1.78 1.78 1.78
 1.78 1.78 1.78 1.78 1.78 1.78 1.78 1.78 1.78 1.78 1.78 1.78 1.78 1.78 1.78 1.78 1.78 1.78 1.78
 1.78 1.78 1.78 1.78 1.78 1.78 1.78 1.78 1.78 1.78 1.78 1.78 1.78 1.78 1.78 1.78 1.78 1.78 1.78
 1.78 1.78 1.78 1.78 1.78 1.78 1.78 1.78 1.78 1.78 1.78 1.78 1.78 1.78 1.78 1.78 1.78 1.78 1.78
 1.78 1.78 1.78 1.78 1.78 1.78 1.78 1.78 1.78 1.78 1.78 1.78 1.78 1.78 1.78 1.78 1.78 1.78 1.78
 1.78 1.78 1.78 1.78 1.78 1.78 1.78 1.78 1.78 1.78 1.78 1.78 1.78 1.78 1.78 1.78 1.78 1.78 1.78
 1.78 1.78 1.78 1.78 1.78 1.78 1.78 1.78 1.78 1.78 1.78 1.78 1.78 1.78 1.78 1.78 1.78 1.78 1.78
 1.78 1.78 1.78 1.78 1.78 1.78 1.78 1.78 1.78 1.78 1.78 1.78 1.78 1.78 1.78 1.78 1.78 1.78 1.78
 1.78 1.78 1.78 1.78 1.78 1.78 1.78 1.78 1.78 1.78 1.78 1.78 1.78 1.78 1.78 1.78 1.78 1.78 1.78
 1.78 1.78 1.78 1.78 1.78 1.78 1.78 1.78 1.78 1.78 1.78 1.78 1.78 1.78 1.78 1.78 1.78 1.78 1.78
 1.78 1.78 1.78 1.78 1.78 1.78 1.78 1.78 1.78 1.78 1.78 1.78 1.78 1.78 1.78 1.78 1.78 1.78 1.78
 1.78 1.78 1.78 1.78 1.78 1.78 1.78 1.78 1.78 1.78 1.78 1.78 1.78 1.78 1.78 1.78 1.78 1.78 1.78
 1.78 1.78 1.78 1.78 1.78 1.78 1.78 1.78 1.78 1.78 1.78 1.78 1.78 1.78 1.78 1.78 1.78 1.78 1.78
 1.78 1.78 1.78 1.78 1.78 1.78 1.78 1.78 1.78 1.78 1.78 1.78 1.78 1.78 1.78 1.78 1.78 1.78 1.78
 1.78 1.78 1.78 1.78 1.78 1.78 1.78 1.78 1.78 1.78 1.78 1.78 1.78 1.78 1.78 1.78 1.78 1.78 1.78
 1.78 1.78 1.78 1.78 1.78 1.78 1.78 1.78 1.78 1.78 1.78 1.78 1.78 1.78 1.78 1.78 1.78 1.78 1.78
 1.78 1.78 1.78 1.78 1.78 1.78 1.78 1.78 1.78 1.78 1.78 1.78 1.78 1.78 1.78 1.78 1.78 1.78 1.78
 1.78 1.78 1.78 1.78 1.78 1.78 1.78 1.78 1.78 1.78 1.78 1.78 1.78 1.78 1.78 1.78 1.78 1.78 1.78
 1.78 1.78 1.78 1.78 1.78 1.78 1.78 1.78 1.78 1.78 1.78 1.78 1.78 1.78 1.78 1.78 1.78 1.78 1.78
